This file contains any messages produced by compilers while
running configure, to aid debugging if configure makes a mistake.

It was created by configure, which was
generated by GNU Autoconf 2.64.  Invocation command line was

  $ ../gcc-4.9.2/configure --enable-languages=c,c++ --disable-bootstrap --disable-shared

## --------- ##
## Platform. ##
## --------- ##

hostname = L110978
uname -m = x86_64
uname -r = 2.10.0(0.325/5/3)
uname -s = CYGWIN_NT-6.1
uname -v = 2018-02-02 15:16

/usr/bin/uname -p = unknown
/bin/uname -X     = unknown

/bin/arch              = x86_64
/usr/bin/arch -k       = unknown
/usr/convex/getsysinfo = unknown
/usr/bin/hostinfo      = unknown
/bin/machine           = unknown
/usr/bin/oslevel       = unknown
/bin/universe          = unknown

PATH: /usr/local/bin
PATH: /usr/bin
PATH: /cygdrive/c/Program Files (x86)/Common Files/Oracle/Java/javapath
PATH: /cygdrive/c/Program Files (x86)/Intel/iCLS Client
PATH: /cygdrive/c/Program Files/Intel/iCLS Client
PATH: /cygdrive/c/Program Files (x86)/IBM/RationalSDLC/Clearquest/cqcli/bin
PATH: /cygdrive/c/Program Files (x86)/IBM/RationalSDLC/common
PATH: /cygdrive/c/WINDOWS/system32
PATH: /cygdrive/c/WINDOWS
PATH: /cygdrive/c/WINDOWS/System32/Wbem
PATH: /cygdrive/c/WINDOWS/System32/WindowsPowerShell/v1.0
PATH: /cygdrive/c/Program Files (x86)/IBM/RationalSDLC/ClearCase/bin
PATH: /cygdrive/c/Program Files (x86)/IBM/gsk8/lib
PATH: /cygdrive/c/Program Files (x86)/IBM/gsk8/bin
PATH: /cygdrive/c/Windows/CCM
PATH: /cygdrive/c/WINDOWS/CCM
PATH: /cygdrive/c/WINDOWS/CCM
PATH: /cygdrive/c/PROGRA~2/IBM/SQLLIB/BIN
PATH: /cygdrive/c/PROGRA~2/IBM/SQLLIB/FUNCTION
PATH: /cygdrive/c/PROGRA~2/IBM/SQLLIB/SAMPLES/REPL
PATH: /cygdrive/c/Program Files (x86)/HP/Unified Functional Testing/bin
PATH: /cygdrive/c/WINDOWS/CCM
PATH: /cygdrive/c/WINDOWS/CCM
PATH: /cygdrive/c/WINDOWS/CCM
PATH: /cygdrive/c/WINDOWS/CCM
PATH: /cygdrive/c/WINDOWS/CCM
PATH: /cygdrive/c/Program Files (x86)/Intel/UCRT
PATH: /cygdrive/c/Program Files/Intel/UCRT
PATH: /cygdrive/c/Program Files (x86)/Intel/Intel(R) Management Engine Components/DAL
PATH: /cygdrive/c/Program Files/Intel/Intel(R) Management Engine Components/DAL
PATH: /cygdrive/c/Program Files (x86)/Intel/Intel(R) Management Engine Components/IPT
PATH: /cygdrive/c/Program Files/Intel/Intel(R) Management Engine Components/IPT
PATH: /cygdrive/c/Program Files/Intel/WiFi/bin
PATH: /cygdrive/c/Program Files/Common Files/Intel/WirelessCommon
PATH: /cygdrive/c/Program Files (x86)/WebEx/Productivity Tools
PATH: /cygdrive/c/Program Files (x86)/Microsoft SQL Server/Client SDK/ODBC/130/Tools/Binn
PATH: /cygdrive/c/Program Files (x86)/Microsoft SQL Server/130/Tools/Binn
PATH: /cygdrive/c/Program Files (x86)/Microsoft SQL Server/130/DTS/Binn
PATH: /cygdrive/c/Program Files (x86)/Microsoft SQL Server/130/Tools/Binn/ManagementStudio
PATH: /cygdrive/c/Program Files/Microsoft Network Monitor 3


## ----------- ##
## Core tests. ##
## ----------- ##

configure:2322: checking build system type
configure:2336: result: x86_64-unknown-cygwin
configure:2383: checking host system type
configure:2396: result: x86_64-unknown-cygwin
configure:2416: checking target system type
configure:2429: result: x86_64-unknown-cygwin
configure:2483: checking for a BSD-compatible install
configure:2551: result: /usr/bin/install -c
configure:2562: checking whether ln works
configure:2584: result: yes
configure:2588: checking whether ln -s works
configure:2592: result: yes
configure:2599: checking for a sed that does not truncate output
configure:2663: result: /usr/bin/sed
configure:2672: checking for gawk
configure:2688: found /usr/bin/gawk
configure:2699: result: gawk
configure:3154: checking for libatomic support
configure:3160: result: no
configure:3173: checking for libcilkrts support
configure:3179: result: no
configure:3192: checking for libitm support
configure:3198: result: no
configure:3211: checking for libsanitizer support
configure:3217: result: no
configure:3230: checking for libvtv support
configure:3236: result: no
configure:3847: checking to see if cat works as expected
configure:3852: result: yes
configure:3973: checking for gcc
configure:3989: found /usr/bin/gcc
configure:4000: result: gcc
configure:4229: checking for C compiler version
configure:4238: gcc --version >&5
gcc (GCC) 7.3.0
Copyright (C) 2017 Free Software Foundation, Inc.
This is free software; see the source for copying conditions.  There is NO
warranty; not even for MERCHANTABILITY or FITNESS FOR A PARTICULAR PURPOSE.

configure:4249: $? = 0
configure:4238: gcc -v >&5
Using built-in specs.
COLLECT_GCC=gcc
Target: x86_64-pc-cygwin
Configured with: /cygdrive/i/szsz/tmpp/gcc/gcc-7.3.0-3.x86_64/src/gcc-7.3.0/configure --srcdir=/cygdrive/i/szsz/tmpp/gcc/gcc-7.3.0-3.x86_64/src/gcc-7.3.0 --prefix=/usr --exec-prefix=/usr --localstatedir=/var --sysconfdir=/etc --docdir=/usr/share/doc/gcc --htmldir=/usr/share/doc/gcc/html -C --build=x86_64-pc-cygwin --host=x86_64-pc-cygwin --target=x86_64-pc-cygwin --without-libiconv-prefix --without-libintl-prefix --libexecdir=/usr/lib --enable-shared --enable-shared-libgcc --enable-static --enable-version-specific-runtime-libs --enable-bootstrap --enable-__cxa_atexit --with-dwarf2 --with-tune=generic --enable-languages=ada,c,c++,fortran,lto,objc,obj-c++ --enable-graphite --enable-threads=posix --enable-libatomic --enable-libcilkrts --enable-libgomp --enable-libitm --enable-libquadmath --enable-libquadmath-support --disable-libssp --enable-libada --disable-symvers --with-gnu-ld --with-gnu-as --with-cloog-include=/usr/include/cloog-isl --without-libiconv-prefix --without-libintl-prefix --with-system-zlib --enable-linker-build-id --with-default-libstdcxx-abi=gcc4-compatible --enable-libstdcxx-filesystem-ts
Thread model: posix
gcc version 7.3.0 (GCC) 
configure:4249: $? = 0
configure:4238: gcc -V >&5
gcc: error: unrecognized command line option '-V'
gcc: fatal error: no input files
compilation terminated.
configure:4249: $? = 1
configure:4238: gcc -qversion >&5
gcc: error: unrecognized command line option '-qversion'; did you mean '--version'?
gcc: fatal error: no input files
compilation terminated.
configure:4249: $? = 1
configure:4269: checking for C compiler default output file name
configure:4291: gcc    conftest.c  >&5
gcc: error: spawn: No such file or directory
configure:4295: $? = 1
configure:4332: result: 
configure: failed program was:
| /* confdefs.h */
| #define PACKAGE_NAME ""
| #define PACKAGE_TARNAME ""
| #define PACKAGE_VERSION ""
| #define PACKAGE_STRING ""
| #define PACKAGE_BUGREPORT ""
| #define PACKAGE_URL ""
| /* end confdefs.h.  */
| 
| int
| main ()
| {
| 
|   ;
|   return 0;
| }
configure:4338: error: in `/home/hchada/build-gcc':
configure:4342: error: C compiler cannot create executables
See `config.log' for more details.

## ---------------- ##
## Cache variables. ##
## ---------------- ##

ac_cv_build=x86_64-unknown-cygwin
ac_cv_env_AR_FOR_TARGET_set=
ac_cv_env_AR_FOR_TARGET_value=
ac_cv_env_AR_set=
ac_cv_env_AR_value=
ac_cv_env_AS_FOR_TARGET_set=
ac_cv_env_AS_FOR_TARGET_value=
ac_cv_env_AS_set=
ac_cv_env_AS_value=
ac_cv_env_CCC_set=
ac_cv_env_CCC_value=
ac_cv_env_CC_FOR_TARGET_set=
ac_cv_env_CC_FOR_TARGET_value=
ac_cv_env_CC_set=
ac_cv_env_CC_value=
ac_cv_env_CFLAGS_set=
ac_cv_env_CFLAGS_value=
ac_cv_env_CPPFLAGS_set=
ac_cv_env_CPPFLAGS_value=
ac_cv_env_CXXFLAGS_set=
ac_cv_env_CXXFLAGS_value=
ac_cv_env_CXX_FOR_TARGET_set=
ac_cv_env_CXX_FOR_TARGET_value=
ac_cv_env_CXX_set=
ac_cv_env_CXX_value=
ac_cv_env_DLLTOOL_FOR_TARGET_set=
ac_cv_env_DLLTOOL_FOR_TARGET_value=
ac_cv_env_DLLTOOL_set=
ac_cv_env_DLLTOOL_value=
ac_cv_env_GCC_FOR_TARGET_set=
ac_cv_env_GCC_FOR_TARGET_value=
ac_cv_env_GCJ_FOR_TARGET_set=
ac_cv_env_GCJ_FOR_TARGET_value=
ac_cv_env_GFORTRAN_FOR_TARGET_set=
ac_cv_env_GFORTRAN_FOR_TARGET_value=
ac_cv_env_GOC_FOR_TARGET_set=
ac_cv_env_GOC_FOR_TARGET_value=
ac_cv_env_LDFLAGS_set=
ac_cv_env_LDFLAGS_value=
ac_cv_env_LD_FOR_TARGET_set=
ac_cv_env_LD_FOR_TARGET_value=
ac_cv_env_LD_set=
ac_cv_env_LD_value=
ac_cv_env_LIBS_set=
ac_cv_env_LIBS_value=
ac_cv_env_LIPO_FOR_TARGET_set=
ac_cv_env_LIPO_FOR_TARGET_value=
ac_cv_env_LIPO_set=
ac_cv_env_LIPO_value=
ac_cv_env_NM_FOR_TARGET_set=
ac_cv_env_NM_FOR_TARGET_value=
ac_cv_env_NM_set=
ac_cv_env_NM_value=
ac_cv_env_OBJCOPY_set=
ac_cv_env_OBJCOPY_value=
ac_cv_env_OBJDUMP_FOR_TARGET_set=
ac_cv_env_OBJDUMP_FOR_TARGET_value=
ac_cv_env_OBJDUMP_set=
ac_cv_env_OBJDUMP_value=
ac_cv_env_RANLIB_FOR_TARGET_set=
ac_cv_env_RANLIB_FOR_TARGET_value=
ac_cv_env_RANLIB_set=
ac_cv_env_RANLIB_value=
ac_cv_env_READELF_FOR_TARGET_set=
ac_cv_env_READELF_FOR_TARGET_value=
ac_cv_env_READELF_set=
ac_cv_env_READELF_value=
ac_cv_env_STRIP_FOR_TARGET_set=
ac_cv_env_STRIP_FOR_TARGET_value=
ac_cv_env_STRIP_set=
ac_cv_env_STRIP_value=
ac_cv_env_WINDMC_FOR_TARGET_set=
ac_cv_env_WINDMC_FOR_TARGET_value=
ac_cv_env_WINDMC_set=
ac_cv_env_WINDMC_value=
ac_cv_env_WINDRES_FOR_TARGET_set=
ac_cv_env_WINDRES_FOR_TARGET_value=
ac_cv_env_WINDRES_set=
ac_cv_env_WINDRES_value=
ac_cv_env_build_alias_set=
ac_cv_env_build_alias_value=
ac_cv_env_build_configargs_set=
ac_cv_env_build_configargs_value=
ac_cv_env_host_alias_set=
ac_cv_env_host_alias_value=
ac_cv_env_host_configargs_set=
ac_cv_env_host_configargs_value=
ac_cv_env_target_alias_set=
ac_cv_env_target_alias_value=
ac_cv_env_target_configargs_set=
ac_cv_env_target_configargs_value=
ac_cv_host=x86_64-unknown-cygwin
ac_cv_path_SED=/usr/bin/sed
ac_cv_path_install='/usr/bin/install -c'
ac_cv_prog_AWK=gawk
ac_cv_prog_ac_ct_CC=gcc
ac_cv_target=x86_64-unknown-cygwin
acx_cv_prog_LN=ln

## ----------------- ##
## Output variables. ##
## ----------------- ##

AR=''
AR_FOR_BUILD='$(AR)'
AR_FOR_TARGET=''
AS=''
AS_FOR_BUILD='$(AS)'
AS_FOR_TARGET=''
AWK='gawk'
BISON=''
BUILD_CONFIG=''
CC='gcc'
CC_FOR_BUILD='$(CC)'
CC_FOR_TARGET=''
CFLAGS=''
CFLAGS_FOR_BUILD=''
CFLAGS_FOR_TARGET=''
COMPILER_AS_FOR_TARGET=''
COMPILER_LD_FOR_TARGET=''
COMPILER_NM_FOR_TARGET=''
CONFIGURE_GDB_TK=''
CPPFLAGS=''
CXX=''
CXXFLAGS=''
CXXFLAGS_FOR_BUILD=''
CXXFLAGS_FOR_TARGET=''
CXX_FOR_BUILD='$(CXX)'
CXX_FOR_TARGET=''
DEBUG_PREFIX_CFLAGS_FOR_TARGET=''
DEFS=''
DLLTOOL=''
DLLTOOL_FOR_BUILD='$(DLLTOOL)'
DLLTOOL_FOR_TARGET=''
ECHO_C=''
ECHO_N='-n'
ECHO_T=''
EXEEXT=''
EXPECT=''
EXTRA_CONFIGARGS_LIBJAVA='--disable-static'
FLAGS_FOR_TARGET=''
FLEX=''
GCC_FOR_TARGET=''
GCC_SHLIB_SUBDIR=''
GCJ_FOR_BUILD='$(GCJ)'
GCJ_FOR_TARGET=''
GDB_TK=''
GFORTRAN_FOR_BUILD='$(GFORTRAN)'
GFORTRAN_FOR_TARGET=''
GNATBIND=''
GNATMAKE=''
GOC_FOR_BUILD='$(GOC)'
GOC_FOR_TARGET=''
INSTALL_DATA='${INSTALL} -m 644'
INSTALL_GDB_TK=''
INSTALL_PROGRAM='${INSTALL}'
INSTALL_SCRIPT='${INSTALL}'
LD=''
LDFLAGS=''
LDFLAGS_FOR_BUILD=''
LDFLAGS_FOR_TARGET=''
LD_FOR_BUILD='$(LD)'
LD_FOR_TARGET=''
LEX=''
LIBOBJS=''
LIBS=''
LIPO=''
LIPO_FOR_TARGET=''
LN='ln'
LN_S='ln -s'
LTLIBOBJS=''
M4=''
MAINT=''
MAINTAINER_MODE_FALSE=''
MAINTAINER_MODE_TRUE=''
MAKEINFO=''
NM=''
NM_FOR_BUILD='$(NM)'
NM_FOR_TARGET=''
OBJCOPY=''
OBJDUMP=''
OBJDUMP_FOR_TARGET=''
OBJEXT=''
PACKAGE_BUGREPORT=''
PACKAGE_NAME=''
PACKAGE_STRING=''
PACKAGE_TARNAME=''
PACKAGE_URL=''
PACKAGE_VERSION=''
PATH_SEPARATOR=':'
RANLIB=''
RANLIB_FOR_BUILD='$(RANLIB)'
RANLIB_FOR_TARGET=''
RAW_CXX_FOR_TARGET=''
READELF=''
READELF_FOR_TARGET=''
RPATH_ENVVAR=''
RUNTEST=''
SED='/usr/bin/sed'
SHELL='/bin/sh'
STRIP=''
STRIP_FOR_TARGET=''
SYSROOT_CFLAGS_FOR_TARGET=''
TOPLEVEL_CONFIGURE_ARGUMENTS='../gcc-4.9.2/configure --enable-languages=c,c++ --disable-bootstrap --disable-shared'
WINDMC=''
WINDMC_FOR_BUILD='$(WINDMC)'
WINDMC_FOR_TARGET=''
WINDRES=''
WINDRES_FOR_BUILD='$(WINDRES)'
WINDRES_FOR_TARGET=''
YACC=''
ac_ct_CC='gcc'
ac_ct_CXX=''
bindir='${exec_prefix}/bin'
build='x86_64-unknown-cygwin'
build_alias=''
build_configargs=''
build_configdirs='build-libiberty build-texinfo build-flex build-bison build-m4 build-fixincludes'
build_cpu='x86_64'
build_libsubdir='build-x86_64-unknown-cygwin'
build_noncanonical='x86_64-unknown-cygwin'
build_os='cygwin'
build_subdir='build-x86_64-unknown-cygwin'
build_tooldir=''
build_vendor='unknown'
clooginc=''
clooglibs=''
compare_exclusions=''
configdirs='intl libiberty opcodes bfd readline tcl tk itcl libgui zlib libbacktrace libcpp libdecnumber gmp mpfr mpc isl cloog libelf libiconv texinfo flex bison binutils gas ld fixincludes gcc cgen sid sim gdb gprof etc expect dejagnu m4 utils guile fastjar gnattools libtermcap'
datadir='${datarootdir}'
datarootdir='${prefix}/share'
do_compare=''
docdir='${datarootdir}/doc/${PACKAGE}'
dvidir='${docdir}'
exec_prefix='NONE'
extra_host_libiberty_configure_flags=''
extra_isl_gmp_configure_flags=''
extra_mpc_gmp_configure_flags=''
extra_mpc_mpfr_configure_flags=''
extra_mpfr_configure_flags=''
gmpinc=''
gmplibs=''
host='x86_64-unknown-cygwin'
host_alias=''
host_configargs=''
host_cpu='x86_64'
host_noncanonical='x86_64-unknown-cygwin'
host_os='cygwin'
host_shared=''
host_subdir='.'
host_vendor='unknown'
htmldir='${docdir}'
includedir='${prefix}/include'
infodir='${datarootdir}/info'
islinc=''
libdir='${exec_prefix}/lib'
libexecdir='${exec_prefix}/libexec'
localedir='${datarootdir}/locale'
localstatedir='${prefix}/var'
mandir='${datarootdir}/man'
oldincludedir='/usr/include'
pdfdir='${docdir}'
poststage1_ldflags=''
poststage1_libs=''
prefix='NONE'
program_transform_name='s,y,y,'
psdir='${docdir}'
sbindir='${exec_prefix}/sbin'
sharedstatedir='${prefix}/com'
stage1_cflags=''
stage1_checking=''
stage1_languages=''
stage1_ldflags=''
stage1_libs=''
stage2_werror_flag=''
sysconfdir='${prefix}/etc'
target='x86_64-unknown-cygwin'
target_alias=''
target_configargs=''
target_configdirs='target-libgcc target-libbacktrace target-libgloss target-newlib target-libgomp target-libcilkrts target-libatomic target-libitm target-libstdc++-v3 target-libsanitizer target-libvtv target-libssp target-libquadmath target-libgfortran target-boehm-gc target-libffi target-zlib target-libjava target-libobjc target-libada target-libgo target-rda target-libtermcap target-winsup'
target_cpu='x86_64'
target_noncanonical='x86_64-unknown-cygwin'
target_os='cygwin'
target_subdir='x86_64-unknown-cygwin'
target_vendor='unknown'
tooldir=''

## ------------------- ##
## File substitutions. ##
## ------------------- ##

alphaieee_frag=''
host_makefile_frag='config/mh-cygwin'
ospace_frag=''
serialization_dependencies=''
target_makefile_frag=''

## ----------- ##
## confdefs.h. ##
## ----------- ##

/* confdefs.h */
#define PACKAGE_NAME ""
#define PACKAGE_TARNAME ""
#define PACKAGE_VERSION ""
#define PACKAGE_STRING ""
#define PACKAGE_BUGREPORT ""
#define PACKAGE_URL ""

configure: exit 77
