This file contains any messages produced by compilers while
running configure, to aid debugging if configure makes a mistake.

It was created by sshpass configure 1.06, which was
generated by GNU Autoconf 2.69.  Invocation command line was

  $ ./configure 

## --------- ##
## Platform. ##
## --------- ##

hostname = L110978
uname -m = x86_64
uname -r = 2.10.0(0.325/5/3)
uname -s = CYGWIN_NT-6.1
uname -v = 2018-02-02 15:16

/usr/bin/uname -p = unknown
/bin/uname -X     = unknown

/bin/arch              = x86_64
/usr/bin/arch -k       = unknown
/usr/convex/getsysinfo = unknown
/usr/bin/hostinfo      = unknown
/bin/machine           = unknown
/usr/bin/oslevel       = unknown
/bin/universe          = unknown

PATH: /usr/local/bin
PATH: /usr/bin
PATH: /cygdrive/c/Program Files (x86)/Common Files/Oracle/Java/javapath
PATH: /cygdrive/c/Program Files (x86)/Intel/iCLS Client
PATH: /cygdrive/c/Program Files/Intel/iCLS Client
PATH: /cygdrive/c/Program Files (x86)/IBM/RationalSDLC/Clearquest/cqcli/bin
PATH: /cygdrive/c/Program Files (x86)/IBM/RationalSDLC/common
PATH: /cygdrive/c/WINDOWS/system32
PATH: /cygdrive/c/WINDOWS
PATH: /cygdrive/c/WINDOWS/System32/Wbem
PATH: /cygdrive/c/WINDOWS/System32/WindowsPowerShell/v1.0
PATH: /cygdrive/c/Program Files (x86)/IBM/RationalSDLC/ClearCase/bin
PATH: /cygdrive/c/Program Files (x86)/IBM/gsk8/lib
PATH: /cygdrive/c/Program Files (x86)/IBM/gsk8/bin
PATH: /cygdrive/c/Windows/CCM
PATH: /cygdrive/c/WINDOWS/CCM
PATH: /cygdrive/c/WINDOWS/CCM
PATH: /cygdrive/c/PROGRA~2/IBM/SQLLIB/BIN
PATH: /cygdrive/c/PROGRA~2/IBM/SQLLIB/FUNCTION
PATH: /cygdrive/c/PROGRA~2/IBM/SQLLIB/SAMPLES/REPL
PATH: /cygdrive/c/Program Files (x86)/HP/Unified Functional Testing/bin
PATH: /cygdrive/c/WINDOWS/CCM
PATH: /cygdrive/c/WINDOWS/CCM
PATH: /cygdrive/c/WINDOWS/CCM
PATH: /cygdrive/c/WINDOWS/CCM
PATH: /cygdrive/c/WINDOWS/CCM
PATH: /cygdrive/c/Program Files (x86)/Intel/UCRT
PATH: /cygdrive/c/Program Files/Intel/UCRT
PATH: /cygdrive/c/Program Files (x86)/Intel/Intel(R) Management Engine Components/DAL
PATH: /cygdrive/c/Program Files/Intel/Intel(R) Management Engine Components/DAL
PATH: /cygdrive/c/Program Files (x86)/Intel/Intel(R) Management Engine Components/IPT
PATH: /cygdrive/c/Program Files/Intel/Intel(R) Management Engine Components/IPT
PATH: /cygdrive/c/Program Files/Intel/WiFi/bin
PATH: /cygdrive/c/Program Files/Common Files/Intel/WirelessCommon
PATH: /cygdrive/c/Program Files (x86)/WebEx/Productivity Tools
PATH: /cygdrive/c/Program Files (x86)/Microsoft SQL Server/Client SDK/ODBC/130/Tools/Binn
PATH: /cygdrive/c/Program Files (x86)/Microsoft SQL Server/130/Tools/Binn
PATH: /cygdrive/c/Program Files (x86)/Microsoft SQL Server/130/DTS/Binn
PATH: /cygdrive/c/Program Files (x86)/Microsoft SQL Server/130/Tools/Binn/ManagementStudio
PATH: /cygdrive/c/Program Files/Microsoft Network Monitor 3


## ----------- ##
## Core tests. ##
## ----------- ##

configure:2242: checking for a BSD-compatible install
configure:2310: result: /usr/bin/install -c
configure:2321: checking whether build environment is sane
configure:2376: result: yes
configure:2527: checking for a thread-safe mkdir -p
configure:2566: result: /usr/bin/mkdir -p
configure:2573: checking for gawk
configure:2589: found /usr/bin/gawk
configure:2600: result: gawk
configure:2611: checking whether make sets $(MAKE)
configure:2633: result: yes
configure:2662: checking whether make supports nested variables
configure:2679: result: yes
configure:2820: checking for style of include used by make
configure:2848: result: GNU
configure:2919: checking for gcc
configure:2935: found /usr/bin/gcc
configure:2946: result: gcc
configure:3175: checking for C compiler version
configure:3184: gcc --version >&5
gcc (GCC) 7.3.0
Copyright (C) 2017 Free Software Foundation, Inc.
This is free software; see the source for copying conditions.  There is NO
warranty; not even for MERCHANTABILITY or FITNESS FOR A PARTICULAR PURPOSE.

configure:3195: $? = 0
configure:3184: gcc -v >&5
Using built-in specs.
COLLECT_GCC=gcc
COLLECT_LTO_WRAPPER=/usr/lib/gcc/x86_64-pc-cygwin/7.3.0/lto-wrapper.exe
Target: x86_64-pc-cygwin
Configured with: /cygdrive/i/szsz/tmpp/gcc/gcc-7.3.0-3.x86_64/src/gcc-7.3.0/configure --srcdir=/cygdrive/i/szsz/tmpp/gcc/gcc-7.3.0-3.x86_64/src/gcc-7.3.0 --prefix=/usr --exec-prefix=/usr --localstatedir=/var --sysconfdir=/etc --docdir=/usr/share/doc/gcc --htmldir=/usr/share/doc/gcc/html -C --build=x86_64-pc-cygwin --host=x86_64-pc-cygwin --target=x86_64-pc-cygwin --without-libiconv-prefix --without-libintl-prefix --libexecdir=/usr/lib --enable-shared --enable-shared-libgcc --enable-static --enable-version-specific-runtime-libs --enable-bootstrap --enable-__cxa_atexit --with-dwarf2 --with-tune=generic --enable-languages=ada,c,c++,fortran,lto,objc,obj-c++ --enable-graphite --enable-threads=posix --enable-libatomic --enable-libcilkrts --enable-libgomp --enable-libitm --enable-libquadmath --enable-libquadmath-support --disable-libssp --enable-libada --disable-symvers --with-gnu-ld --with-gnu-as --with-cloog-include=/usr/include/cloog-isl --without-libiconv-prefix --without-libintl-prefix --with-system-zlib --enable-linker-build-id --with-default-libstdcxx-abi=gcc4-compatible --enable-libstdcxx-filesystem-ts
Thread model: posix
gcc version 7.3.0 (GCC) 
configure:3195: $? = 0
configure:3184: gcc -V >&5
gcc: error: unrecognized command line option '-V'
gcc: fatal error: no input files
compilation terminated.
configure:3195: $? = 1
configure:3184: gcc -qversion >&5
gcc: error: unrecognized command line option '-qversion'; did you mean '--version'?
gcc: fatal error: no input files
compilation terminated.
configure:3195: $? = 1
configure:3215: checking whether the C compiler works
configure:3237: gcc    conftest.c  >&5
configure:3241: $? = 0
configure:3289: result: yes
configure:3292: checking for C compiler default output file name
configure:3294: result: a.exe
configure:3300: checking for suffix of executables
configure:3307: gcc -o conftest.exe    conftest.c  >&5
configure:3311: $? = 0
configure:3333: result: .exe
configure:3355: checking whether we are cross compiling
configure:3363: gcc -o conftest.exe    conftest.c  >&5
configure:3367: $? = 0
configure:3374: ./conftest.exe
configure:3378: $? = 0
configure:3393: result: no
configure:3398: checking for suffix of object files
configure:3420: gcc -c   conftest.c >&5
configure:3424: $? = 0
configure:3445: result: o
configure:3449: checking whether we are using the GNU C compiler
configure:3468: gcc -c   conftest.c >&5
configure:3468: $? = 0
configure:3477: result: yes
configure:3486: checking whether gcc accepts -g
configure:3506: gcc -c -g  conftest.c >&5
configure:3506: $? = 0
configure:3547: result: yes
configure:3564: checking for gcc option to accept ISO C89
configure:3627: gcc  -c -g -O2  conftest.c >&5
configure:3627: $? = 0
configure:3640: result: none needed
configure:3665: checking whether gcc understands -c and -o together
configure:3687: gcc -c conftest.c -o conftest2.o
configure:3690: $? = 0
configure:3687: gcc -c conftest.c -o conftest2.o
configure:3690: $? = 0
configure:3702: result: yes
configure:3721: checking dependency style of gcc
configure:3832: result: gcc3
configure:3853: checking how to run the C preprocessor
configure:3884: gcc -E  conftest.c
configure:3884: $? = 0
configure:3898: gcc -E  conftest.c
conftest.c:11:10: fatal error: ac_nonexistent.h: No such file or directory
 #include <ac_nonexistent.h>
          ^~~~~~~~~~~~~~~~~~
compilation terminated.
configure:3898: $? = 1
configure: failed program was:
| /* confdefs.h */
| #define PACKAGE_NAME "sshpass"
| #define PACKAGE_TARNAME "sshpass"
| #define PACKAGE_VERSION "1.06"
| #define PACKAGE_STRING "sshpass 1.06"
| #define PACKAGE_BUGREPORT ""
| #define PACKAGE_URL ""
| #define PACKAGE "sshpass"
| #define VERSION "1.06"
| /* end confdefs.h.  */
| #include <ac_nonexistent.h>
configure:3923: result: gcc -E
configure:3943: gcc -E  conftest.c
configure:3943: $? = 0
configure:3957: gcc -E  conftest.c
conftest.c:11:10: fatal error: ac_nonexistent.h: No such file or directory
 #include <ac_nonexistent.h>
          ^~~~~~~~~~~~~~~~~~
compilation terminated.
configure:3957: $? = 1
configure: failed program was:
| /* confdefs.h */
| #define PACKAGE_NAME "sshpass"
| #define PACKAGE_TARNAME "sshpass"
| #define PACKAGE_VERSION "1.06"
| #define PACKAGE_STRING "sshpass 1.06"
| #define PACKAGE_BUGREPORT ""
| #define PACKAGE_URL ""
| #define PACKAGE "sshpass"
| #define VERSION "1.06"
| /* end confdefs.h.  */
| #include <ac_nonexistent.h>
configure:3986: checking for grep that handles long lines and -e
configure:4044: result: /usr/bin/grep
configure:4049: checking for egrep
configure:4111: result: /usr/bin/grep -E
configure:4116: checking for ANSI C header files
configure:4136: gcc -c -g -O2  conftest.c >&5
configure:4136: $? = 0
configure:4209: gcc -o conftest.exe -g -O2   conftest.c  >&5
configure:4209: $? = 0
configure:4209: ./conftest.exe
configure:4209: $? = 0
configure:4220: result: yes
configure:4233: checking for sys/types.h
configure:4233: gcc -c -g -O2  conftest.c >&5
configure:4233: $? = 0
configure:4233: result: yes
configure:4233: checking for sys/stat.h
configure:4233: gcc -c -g -O2  conftest.c >&5
configure:4233: $? = 0
configure:4233: result: yes
configure:4233: checking for stdlib.h
configure:4233: gcc -c -g -O2  conftest.c >&5
configure:4233: $? = 0
configure:4233: result: yes
configure:4233: checking for string.h
configure:4233: gcc -c -g -O2  conftest.c >&5
configure:4233: $? = 0
configure:4233: result: yes
configure:4233: checking for memory.h
configure:4233: gcc -c -g -O2  conftest.c >&5
configure:4233: $? = 0
configure:4233: result: yes
configure:4233: checking for strings.h
configure:4233: gcc -c -g -O2  conftest.c >&5
configure:4233: $? = 0
configure:4233: result: yes
configure:4233: checking for inttypes.h
configure:4233: gcc -c -g -O2  conftest.c >&5
configure:4233: $? = 0
configure:4233: result: yes
configure:4233: checking for stdint.h
configure:4233: gcc -c -g -O2  conftest.c >&5
configure:4233: $? = 0
configure:4233: result: yes
configure:4233: checking for unistd.h
configure:4233: gcc -c -g -O2  conftest.c >&5
configure:4233: $? = 0
configure:4233: result: yes
configure:4246: checking minix/config.h usability
configure:4246: gcc -c -g -O2  conftest.c >&5
conftest.c:54:10: fatal error: minix/config.h: No such file or directory
 #include <minix/config.h>
          ^~~~~~~~~~~~~~~~
compilation terminated.
configure:4246: $? = 1
configure: failed program was:
| /* confdefs.h */
| #define PACKAGE_NAME "sshpass"
| #define PACKAGE_TARNAME "sshpass"
| #define PACKAGE_VERSION "1.06"
| #define PACKAGE_STRING "sshpass 1.06"
| #define PACKAGE_BUGREPORT ""
| #define PACKAGE_URL ""
| #define PACKAGE "sshpass"
| #define VERSION "1.06"
| #define STDC_HEADERS 1
| #define HAVE_SYS_TYPES_H 1
| #define HAVE_SYS_STAT_H 1
| #define HAVE_STDLIB_H 1
| #define HAVE_STRING_H 1
| #define HAVE_MEMORY_H 1
| #define HAVE_STRINGS_H 1
| #define HAVE_INTTYPES_H 1
| #define HAVE_STDINT_H 1
| #define HAVE_UNISTD_H 1
| /* end confdefs.h.  */
| #include <stdio.h>
| #ifdef HAVE_SYS_TYPES_H
| # include <sys/types.h>
| #endif
| #ifdef HAVE_SYS_STAT_H
| # include <sys/stat.h>
| #endif
| #ifdef STDC_HEADERS
| # include <stdlib.h>
| # include <stddef.h>
| #else
| # ifdef HAVE_STDLIB_H
| #  include <stdlib.h>
| # endif
| #endif
| #ifdef HAVE_STRING_H
| # if !defined STDC_HEADERS && defined HAVE_MEMORY_H
| #  include <memory.h>
| # endif
| # include <string.h>
| #endif
| #ifdef HAVE_STRINGS_H
| # include <strings.h>
| #endif
| #ifdef HAVE_INTTYPES_H
| # include <inttypes.h>
| #endif
| #ifdef HAVE_STDINT_H
| # include <stdint.h>
| #endif
| #ifdef HAVE_UNISTD_H
| # include <unistd.h>
| #endif
| #include <minix/config.h>
configure:4246: result: no
configure:4246: checking minix/config.h presence
configure:4246: gcc -E  conftest.c
conftest.c:21:10: fatal error: minix/config.h: No such file or directory
 #include <minix/config.h>
          ^~~~~~~~~~~~~~~~
compilation terminated.
configure:4246: $? = 1
configure: failed program was:
| /* confdefs.h */
| #define PACKAGE_NAME "sshpass"
| #define PACKAGE_TARNAME "sshpass"
| #define PACKAGE_VERSION "1.06"
| #define PACKAGE_STRING "sshpass 1.06"
| #define PACKAGE_BUGREPORT ""
| #define PACKAGE_URL ""
| #define PACKAGE "sshpass"
| #define VERSION "1.06"
| #define STDC_HEADERS 1
| #define HAVE_SYS_TYPES_H 1
| #define HAVE_SYS_STAT_H 1
| #define HAVE_STDLIB_H 1
| #define HAVE_STRING_H 1
| #define HAVE_MEMORY_H 1
| #define HAVE_STRINGS_H 1
| #define HAVE_INTTYPES_H 1
| #define HAVE_STDINT_H 1
| #define HAVE_UNISTD_H 1
| /* end confdefs.h.  */
| #include <minix/config.h>
configure:4246: result: no
configure:4246: checking for minix/config.h
configure:4246: result: no
configure:4267: checking whether it is safe to define __EXTENSIONS__
configure:4285: gcc -c -g -O2  conftest.c >&5
configure:4285: $? = 0
configure:4292: result: yes
configure:4356: checking for gcc
configure:4383: result: gcc
configure:4612: checking for C compiler version
configure:4621: gcc --version >&5
gcc (GCC) 7.3.0
Copyright (C) 2017 Free Software Foundation, Inc.
This is free software; see the source for copying conditions.  There is NO
warranty; not even for MERCHANTABILITY or FITNESS FOR A PARTICULAR PURPOSE.

configure:4632: $? = 0
configure:4621: gcc -v >&5
Using built-in specs.
COLLECT_GCC=gcc
COLLECT_LTO_WRAPPER=/usr/lib/gcc/x86_64-pc-cygwin/7.3.0/lto-wrapper.exe
Target: x86_64-pc-cygwin
Configured with: /cygdrive/i/szsz/tmpp/gcc/gcc-7.3.0-3.x86_64/src/gcc-7.3.0/configure --srcdir=/cygdrive/i/szsz/tmpp/gcc/gcc-7.3.0-3.x86_64/src/gcc-7.3.0 --prefix=/usr --exec-prefix=/usr --localstatedir=/var --sysconfdir=/etc --docdir=/usr/share/doc/gcc --htmldir=/usr/share/doc/gcc/html -C --build=x86_64-pc-cygwin --host=x86_64-pc-cygwin --target=x86_64-pc-cygwin --without-libiconv-prefix --without-libintl-prefix --libexecdir=/usr/lib --enable-shared --enable-shared-libgcc --enable-static --enable-version-specific-runtime-libs --enable-bootstrap --enable-__cxa_atexit --with-dwarf2 --with-tune=generic --enable-languages=ada,c,c++,fortran,lto,objc,obj-c++ --enable-graphite --enable-threads=posix --enable-libatomic --enable-libcilkrts --enable-libgomp --enable-libitm --enable-libquadmath --enable-libquadmath-support --disable-libssp --enable-libada --disable-symvers --with-gnu-ld --with-gnu-as --with-cloog-include=/usr/include/cloog-isl --without-libiconv-prefix --without-libintl-prefix --with-system-zlib --enable-linker-build-id --with-default-libstdcxx-abi=gcc4-compatible --enable-libstdcxx-filesystem-ts
Thread model: posix
gcc version 7.3.0 (GCC) 
configure:4632: $? = 0
configure:4621: gcc -V >&5
gcc: error: unrecognized command line option '-V'
gcc: fatal error: no input files
compilation terminated.
configure:4632: $? = 1
configure:4621: gcc -qversion >&5
gcc: error: unrecognized command line option '-qversion'; did you mean '--version'?
gcc: fatal error: no input files
compilation terminated.
configure:4632: $? = 1
configure:4636: checking whether we are using the GNU C compiler
configure:4664: result: yes
configure:4673: checking whether gcc accepts -g
configure:4734: result: yes
configure:4751: checking for gcc option to accept ISO C89
configure:4827: result: none needed
configure:4852: checking whether gcc understands -c and -o together
configure:4889: result: yes
configure:4908: checking dependency style of gcc
configure:5019: result: gcc3
configure:5038: checking for ANSI C header files
configure:5142: result: yes
configure:5150: checking for sys/wait.h that is POSIX.1 compatible
configure:5176: gcc -c -g -O2  conftest.c >&5
configure:5176: $? = 0
configure:5183: result: yes
configure:5194: checking fcntl.h usability
configure:5194: gcc -c -g -O2  conftest.c >&5
configure:5194: $? = 0
configure:5194: result: yes
configure:5194: checking fcntl.h presence
configure:5194: gcc -E  conftest.c
configure:5194: $? = 0
configure:5194: result: yes
configure:5194: checking for fcntl.h
configure:5194: result: yes
configure:5194: checking for stdlib.h
configure:5194: result: yes
configure:5194: checking for string.h
configure:5194: result: yes
configure:5194: checking sys/ioctl.h usability
configure:5194: gcc -c -g -O2  conftest.c >&5
configure:5194: $? = 0
configure:5194: result: yes
configure:5194: checking sys/ioctl.h presence
configure:5194: gcc -E  conftest.c
configure:5194: $? = 0
configure:5194: result: yes
configure:5194: checking for sys/ioctl.h
configure:5194: result: yes
configure:5194: checking for unistd.h
configure:5194: result: yes
configure:5194: checking termios.h usability
configure:5194: gcc -c -g -O2  conftest.c >&5
configure:5194: $? = 0
configure:5194: result: yes
configure:5194: checking termios.h presence
configure:5194: gcc -E  conftest.c
configure:5194: $? = 0
configure:5194: result: yes
configure:5194: checking for termios.h
configure:5194: result: yes
configure:5206: checking for an ANSI C-conforming const
configure:5272: gcc -c -g -O2  conftest.c >&5
configure:5272: $? = 0
configure:5279: result: yes
configure:5287: checking for pid_t
configure:5287: gcc -c -g -O2  conftest.c >&5
configure:5287: $? = 0
configure:5287: gcc -c -g -O2  conftest.c >&5
conftest.c: In function 'main':
conftest.c:70:20: error: expected expression before ')' token
 if (sizeof ((pid_t)))
                    ^
configure:5287: $? = 1
configure: failed program was:
| /* confdefs.h */
| #define PACKAGE_NAME "sshpass"
| #define PACKAGE_TARNAME "sshpass"
| #define PACKAGE_VERSION "1.06"
| #define PACKAGE_STRING "sshpass 1.06"
| #define PACKAGE_BUGREPORT ""
| #define PACKAGE_URL ""
| #define PACKAGE "sshpass"
| #define VERSION "1.06"
| #define STDC_HEADERS 1
| #define HAVE_SYS_TYPES_H 1
| #define HAVE_SYS_STAT_H 1
| #define HAVE_STDLIB_H 1
| #define HAVE_STRING_H 1
| #define HAVE_MEMORY_H 1
| #define HAVE_STRINGS_H 1
| #define HAVE_INTTYPES_H 1
| #define HAVE_STDINT_H 1
| #define HAVE_UNISTD_H 1
| #define __EXTENSIONS__ 1
| #define _ALL_SOURCE 1
| #define _GNU_SOURCE 1
| #define _POSIX_PTHREAD_SEMANTICS 1
| #define _TANDEM_SOURCE 1
| #define STDC_HEADERS 1
| #define HAVE_SYS_WAIT_H 1
| #define HAVE_FCNTL_H 1
| #define HAVE_STDLIB_H 1
| #define HAVE_STRING_H 1
| #define HAVE_SYS_IOCTL_H 1
| #define HAVE_UNISTD_H 1
| #define HAVE_TERMIOS_H 1
| /* end confdefs.h.  */
| #include <stdio.h>
| #ifdef HAVE_SYS_TYPES_H
| # include <sys/types.h>
| #endif
| #ifdef HAVE_SYS_STAT_H
| # include <sys/stat.h>
| #endif
| #ifdef STDC_HEADERS
| # include <stdlib.h>
| # include <stddef.h>
| #else
| # ifdef HAVE_STDLIB_H
| #  include <stdlib.h>
| # endif
| #endif
| #ifdef HAVE_STRING_H
| # if !defined STDC_HEADERS && defined HAVE_MEMORY_H
| #  include <memory.h>
| # endif
| # include <string.h>
| #endif
| #ifdef HAVE_STRINGS_H
| # include <strings.h>
| #endif
| #ifdef HAVE_INTTYPES_H
| # include <inttypes.h>
| #endif
| #ifdef HAVE_STDINT_H
| # include <stdint.h>
| #endif
| #ifdef HAVE_UNISTD_H
| # include <unistd.h>
| #endif
| int
| main ()
| {
| if (sizeof ((pid_t)))
| 	    return 0;
|   ;
|   return 0;
| }
configure:5287: result: yes
configure:5298: checking for ssize_t
configure:5298: gcc -c -g -O2  conftest.c >&5
configure:5298: $? = 0
configure:5298: gcc -c -g -O2  conftest.c >&5
conftest.c: In function 'main':
conftest.c:70:22: error: expected expression before ')' token
 if (sizeof ((ssize_t)))
                      ^
configure:5298: $? = 1
configure: failed program was:
| /* confdefs.h */
| #define PACKAGE_NAME "sshpass"
| #define PACKAGE_TARNAME "sshpass"
| #define PACKAGE_VERSION "1.06"
| #define PACKAGE_STRING "sshpass 1.06"
| #define PACKAGE_BUGREPORT ""
| #define PACKAGE_URL ""
| #define PACKAGE "sshpass"
| #define VERSION "1.06"
| #define STDC_HEADERS 1
| #define HAVE_SYS_TYPES_H 1
| #define HAVE_SYS_STAT_H 1
| #define HAVE_STDLIB_H 1
| #define HAVE_STRING_H 1
| #define HAVE_MEMORY_H 1
| #define HAVE_STRINGS_H 1
| #define HAVE_INTTYPES_H 1
| #define HAVE_STDINT_H 1
| #define HAVE_UNISTD_H 1
| #define __EXTENSIONS__ 1
| #define _ALL_SOURCE 1
| #define _GNU_SOURCE 1
| #define _POSIX_PTHREAD_SEMANTICS 1
| #define _TANDEM_SOURCE 1
| #define STDC_HEADERS 1
| #define HAVE_SYS_WAIT_H 1
| #define HAVE_FCNTL_H 1
| #define HAVE_STDLIB_H 1
| #define HAVE_STRING_H 1
| #define HAVE_SYS_IOCTL_H 1
| #define HAVE_UNISTD_H 1
| #define HAVE_TERMIOS_H 1
| /* end confdefs.h.  */
| #include <stdio.h>
| #ifdef HAVE_SYS_TYPES_H
| # include <sys/types.h>
| #endif
| #ifdef HAVE_SYS_STAT_H
| # include <sys/stat.h>
| #endif
| #ifdef STDC_HEADERS
| # include <stdlib.h>
| # include <stddef.h>
| #else
| # ifdef HAVE_STDLIB_H
| #  include <stdlib.h>
| # endif
| #endif
| #ifdef HAVE_STRING_H
| # if !defined STDC_HEADERS && defined HAVE_MEMORY_H
| #  include <memory.h>
| # endif
| # include <string.h>
| #endif
| #ifdef HAVE_STRINGS_H
| # include <strings.h>
| #endif
| #ifdef HAVE_INTTYPES_H
| # include <inttypes.h>
| #endif
| #ifdef HAVE_STDINT_H
| # include <stdint.h>
| #endif
| #ifdef HAVE_UNISTD_H
| # include <unistd.h>
| #endif
| int
| main ()
| {
| if (sizeof ((ssize_t)))
| 	    return 0;
|   ;
|   return 0;
| }
configure:5298: result: yes
configure:5313: checking vfork.h usability
configure:5313: gcc -c -g -O2  conftest.c >&5
conftest.c:67:10: fatal error: vfork.h: No such file or directory
 #include <vfork.h>
          ^~~~~~~~~
compilation terminated.
configure:5313: $? = 1
configure: failed program was:
| /* confdefs.h */
| #define PACKAGE_NAME "sshpass"
| #define PACKAGE_TARNAME "sshpass"
| #define PACKAGE_VERSION "1.06"
| #define PACKAGE_STRING "sshpass 1.06"
| #define PACKAGE_BUGREPORT ""
| #define PACKAGE_URL ""
| #define PACKAGE "sshpass"
| #define VERSION "1.06"
| #define STDC_HEADERS 1
| #define HAVE_SYS_TYPES_H 1
| #define HAVE_SYS_STAT_H 1
| #define HAVE_STDLIB_H 1
| #define HAVE_STRING_H 1
| #define HAVE_MEMORY_H 1
| #define HAVE_STRINGS_H 1
| #define HAVE_INTTYPES_H 1
| #define HAVE_STDINT_H 1
| #define HAVE_UNISTD_H 1
| #define __EXTENSIONS__ 1
| #define _ALL_SOURCE 1
| #define _GNU_SOURCE 1
| #define _POSIX_PTHREAD_SEMANTICS 1
| #define _TANDEM_SOURCE 1
| #define STDC_HEADERS 1
| #define HAVE_SYS_WAIT_H 1
| #define HAVE_FCNTL_H 1
| #define HAVE_STDLIB_H 1
| #define HAVE_STRING_H 1
| #define HAVE_SYS_IOCTL_H 1
| #define HAVE_UNISTD_H 1
| #define HAVE_TERMIOS_H 1
| /* end confdefs.h.  */
| #include <stdio.h>
| #ifdef HAVE_SYS_TYPES_H
| # include <sys/types.h>
| #endif
| #ifdef HAVE_SYS_STAT_H
| # include <sys/stat.h>
| #endif
| #ifdef STDC_HEADERS
| # include <stdlib.h>
| # include <stddef.h>
| #else
| # ifdef HAVE_STDLIB_H
| #  include <stdlib.h>
| # endif
| #endif
| #ifdef HAVE_STRING_H
| # if !defined STDC_HEADERS && defined HAVE_MEMORY_H
| #  include <memory.h>
| # endif
| # include <string.h>
| #endif
| #ifdef HAVE_STRINGS_H
| # include <strings.h>
| #endif
| #ifdef HAVE_INTTYPES_H
| # include <inttypes.h>
| #endif
| #ifdef HAVE_STDINT_H
| # include <stdint.h>
| #endif
| #ifdef HAVE_UNISTD_H
| # include <unistd.h>
| #endif
| #include <vfork.h>
configure:5313: result: no
configure:5313: checking vfork.h presence
configure:5313: gcc -E  conftest.c
conftest.c:34:10: fatal error: vfork.h: No such file or directory
 #include <vfork.h>
          ^~~~~~~~~
compilation terminated.
configure:5313: $? = 1
configure: failed program was:
| /* confdefs.h */
| #define PACKAGE_NAME "sshpass"
| #define PACKAGE_TARNAME "sshpass"
| #define PACKAGE_VERSION "1.06"
| #define PACKAGE_STRING "sshpass 1.06"
| #define PACKAGE_BUGREPORT ""
| #define PACKAGE_URL ""
| #define PACKAGE "sshpass"
| #define VERSION "1.06"
| #define STDC_HEADERS 1
| #define HAVE_SYS_TYPES_H 1
| #define HAVE_SYS_STAT_H 1
| #define HAVE_STDLIB_H 1
| #define HAVE_STRING_H 1
| #define HAVE_MEMORY_H 1
| #define HAVE_STRINGS_H 1
| #define HAVE_INTTYPES_H 1
| #define HAVE_STDINT_H 1
| #define HAVE_UNISTD_H 1
| #define __EXTENSIONS__ 1
| #define _ALL_SOURCE 1
| #define _GNU_SOURCE 1
| #define _POSIX_PTHREAD_SEMANTICS 1
| #define _TANDEM_SOURCE 1
| #define STDC_HEADERS 1
| #define HAVE_SYS_WAIT_H 1
| #define HAVE_FCNTL_H 1
| #define HAVE_STDLIB_H 1
| #define HAVE_STRING_H 1
| #define HAVE_SYS_IOCTL_H 1
| #define HAVE_UNISTD_H 1
| #define HAVE_TERMIOS_H 1
| /* end confdefs.h.  */
| #include <vfork.h>
configure:5313: result: no
configure:5313: checking for vfork.h
configure:5313: result: no
configure:5326: checking for fork
configure:5326: gcc -o conftest.exe -g -O2   conftest.c  >&5
conftest.c:57:6: warning: conflicting types for built-in function 'fork' [-Wbuiltin-declaration-mismatch]
 char fork ();
      ^~~~
configure:5326: $? = 0
configure:5326: result: yes
configure:5326: checking for vfork
configure:5326: gcc -o conftest.exe -g -O2   conftest.c  >&5
configure:5326: $? = 0
configure:5326: result: yes
configure:5336: checking for working fork
configure:5358: gcc -o conftest.exe -g -O2   conftest.c  >&5
configure:5358: $? = 0
configure:5358: ./conftest.exe
configure:5358: $? = 0
configure:5368: result: yes
configure:5389: checking for working vfork
configure:5499: result: yes
configure:5525: checking whether gcc needs -traditional
conftest.c:38:10: fatal error: sgtty.h: No such file or directory
 #include <sgtty.h>
          ^~~~~~~~~
compilation terminated.
configure:5559: result: no
configure:5568: checking for stdlib.h
configure:5568: result: yes
configure:5578: checking for GNU libc compatible malloc
configure:5602: gcc -o conftest.exe -g -O2   conftest.c  >&5
configure:5602: $? = 0
configure:5602: ./conftest.exe
configure:5602: $? = 0
configure:5612: result: yes
configure:5636: checking sys/select.h usability
configure:5636: gcc -c -g -O2  conftest.c >&5
configure:5636: $? = 0
configure:5636: result: yes
configure:5636: checking sys/select.h presence
configure:5636: gcc -E  conftest.c
configure:5636: $? = 0
configure:5636: result: yes
configure:5636: checking for sys/select.h
configure:5636: result: yes
configure:5636: checking sys/socket.h usability
configure:5636: gcc -c -g -O2  conftest.c >&5
configure:5636: $? = 0
configure:5636: result: yes
configure:5636: checking sys/socket.h presence
configure:5636: gcc -E  conftest.c
configure:5636: $? = 0
configure:5636: result: yes
configure:5636: checking for sys/socket.h
configure:5636: result: yes
configure:5646: checking types of arguments for select
configure:5674: gcc -c -g -O2  conftest.c >&5
configure:5674: $? = 0
configure:5685: result: int,fd_set *,struct timeval *
configure:5708: checking return type of signal handlers
configure:5726: gcc -c -g -O2  conftest.c >&5
conftest.c: In function 'main':
conftest.c:51:10: error: void value not ignored as it ought to be
 return *(signal (0, 0)) (0) == 1;
         ~^~~~~~~~~~~~~~~~~~
configure:5726: $? = 1
configure: failed program was:
| /* confdefs.h */
| #define PACKAGE_NAME "sshpass"
| #define PACKAGE_TARNAME "sshpass"
| #define PACKAGE_VERSION "1.06"
| #define PACKAGE_STRING "sshpass 1.06"
| #define PACKAGE_BUGREPORT ""
| #define PACKAGE_URL ""
| #define PACKAGE "sshpass"
| #define VERSION "1.06"
| #define STDC_HEADERS 1
| #define HAVE_SYS_TYPES_H 1
| #define HAVE_SYS_STAT_H 1
| #define HAVE_STDLIB_H 1
| #define HAVE_STRING_H 1
| #define HAVE_MEMORY_H 1
| #define HAVE_STRINGS_H 1
| #define HAVE_INTTYPES_H 1
| #define HAVE_STDINT_H 1
| #define HAVE_UNISTD_H 1
| #define __EXTENSIONS__ 1
| #define _ALL_SOURCE 1
| #define _GNU_SOURCE 1
| #define _POSIX_PTHREAD_SEMANTICS 1
| #define _TANDEM_SOURCE 1
| #define STDC_HEADERS 1
| #define HAVE_SYS_WAIT_H 1
| #define HAVE_FCNTL_H 1
| #define HAVE_STDLIB_H 1
| #define HAVE_STRING_H 1
| #define HAVE_SYS_IOCTL_H 1
| #define HAVE_UNISTD_H 1
| #define HAVE_TERMIOS_H 1
| #define HAVE_FORK 1
| #define HAVE_VFORK 1
| #define HAVE_WORKING_VFORK 1
| #define HAVE_WORKING_FORK 1
| #define HAVE_STDLIB_H 1
| #define HAVE_MALLOC 1
| #define HAVE_SYS_SELECT_H 1
| #define HAVE_SYS_SOCKET_H 1
| #define SELECT_TYPE_ARG1 int
| #define SELECT_TYPE_ARG234 (fd_set *)
| #define SELECT_TYPE_ARG5 (struct timeval *)
| /* end confdefs.h.  */
| #include <sys/types.h>
| #include <signal.h>
| 
| int
| main ()
| {
| return *(signal (0, 0)) (0) == 1;
|   ;
|   return 0;
| }
configure:5733: result: void
configure:5744: checking for select
configure:5744: gcc -o conftest.exe -g -O2   conftest.c  >&5
configure:5744: $? = 0
configure:5744: result: yes
configure:5744: checking for posix_openpt
configure:5744: gcc -o conftest.exe -g -O2   conftest.c  >&5
configure:5744: $? = 0
configure:5744: result: yes
configure:5744: checking for strdup
configure:5744: gcc -o conftest.exe -g -O2   conftest.c  >&5
conftest.c:71:6: warning: conflicting types for built-in function 'strdup' [-Wbuiltin-declaration-mismatch]
 char strdup ();
      ^~~~~~
configure:5744: $? = 0
configure:5744: result: yes
configure:5879: checking that generated files are newer than configure
configure:5885: result: done
configure:5912: creating ./config.status

## ---------------------- ##
## Running config.status. ##
## ---------------------- ##

This file was extended by sshpass config.status 1.06, which was
generated by GNU Autoconf 2.69.  Invocation command line was

  CONFIG_FILES    = 
  CONFIG_HEADERS  = 
  CONFIG_LINKS    = 
  CONFIG_COMMANDS = 
  $ ./config.status 

on L110978

config.status:881: creating Makefile
config.status:881: creating config.h
config.status:1062: config.h is unchanged
config.status:1110: executing depfiles commands

## ---------------- ##
## Cache variables. ##
## ---------------- ##

ac_cv_c_compiler_gnu=yes
ac_cv_c_const=yes
ac_cv_env_CC_set=
ac_cv_env_CC_value=
ac_cv_env_CFLAGS_set=
ac_cv_env_CFLAGS_value=
ac_cv_env_CPPFLAGS_set=
ac_cv_env_CPPFLAGS_value=
ac_cv_env_CPP_set=
ac_cv_env_CPP_value=
ac_cv_env_LDFLAGS_set=
ac_cv_env_LDFLAGS_value=
ac_cv_env_LIBS_set=
ac_cv_env_LIBS_value=
ac_cv_env_build_alias_set=
ac_cv_env_build_alias_value=
ac_cv_env_host_alias_set=
ac_cv_env_host_alias_value=
ac_cv_env_target_alias_set=
ac_cv_env_target_alias_value=
ac_cv_exeext=.exe
ac_cv_func_fork=yes
ac_cv_func_fork_works=yes
ac_cv_func_malloc_0_nonnull=yes
ac_cv_func_posix_openpt=yes
ac_cv_func_select=yes
ac_cv_func_select_args='int,fd_set *,struct timeval *'
ac_cv_func_strdup=yes
ac_cv_func_vfork=yes
ac_cv_func_vfork_works=yes
ac_cv_header_fcntl_h=yes
ac_cv_header_inttypes_h=yes
ac_cv_header_memory_h=yes
ac_cv_header_minix_config_h=no
ac_cv_header_stdc=yes
ac_cv_header_stdint_h=yes
ac_cv_header_stdlib_h=yes
ac_cv_header_string_h=yes
ac_cv_header_strings_h=yes
ac_cv_header_sys_ioctl_h=yes
ac_cv_header_sys_select_h=yes
ac_cv_header_sys_socket_h=yes
ac_cv_header_sys_stat_h=yes
ac_cv_header_sys_types_h=yes
ac_cv_header_sys_wait_h=yes
ac_cv_header_termios_h=yes
ac_cv_header_unistd_h=yes
ac_cv_header_vfork_h=no
ac_cv_objext=o
ac_cv_path_EGREP='/usr/bin/grep -E'
ac_cv_path_GREP=/usr/bin/grep
ac_cv_path_install='/usr/bin/install -c'
ac_cv_path_mkdir=/usr/bin/mkdir
ac_cv_prog_AWK=gawk
ac_cv_prog_CPP='gcc -E'
ac_cv_prog_ac_ct_CC=gcc
ac_cv_prog_cc_c89=
ac_cv_prog_cc_g=yes
ac_cv_prog_gcc_traditional=no
ac_cv_prog_make_make_set=yes
ac_cv_safe_to_define___extensions__=yes
ac_cv_type_pid_t=yes
ac_cv_type_signal=void
ac_cv_type_ssize_t=yes
am_cv_CC_dependencies_compiler_type=gcc3
am_cv_make_support_nested_variables=yes
am_cv_prog_cc_c_o=yes

## ----------------- ##
## Output variables. ##
## ----------------- ##

ACLOCAL='${SHELL} /home/hchada/sshpass-1.06/missing aclocal-1.15'
AMDEPBACKSLASH='\'
AMDEP_FALSE='#'
AMDEP_TRUE=''
AMTAR='$${TAR-tar}'
AM_BACKSLASH='\'
AM_DEFAULT_V='$(AM_DEFAULT_VERBOSITY)'
AM_DEFAULT_VERBOSITY='1'
AM_V='$(V)'
AUTOCONF='${SHELL} /home/hchada/sshpass-1.06/missing autoconf'
AUTOHEADER='${SHELL} /home/hchada/sshpass-1.06/missing autoheader'
AUTOMAKE='${SHELL} /home/hchada/sshpass-1.06/missing automake-1.15'
AWK='gawk'
CC='gcc'
CCDEPMODE='depmode=gcc3'
CFLAGS='-g -O2'
CPP='gcc -E'
CPPFLAGS=''
CYGPATH_W='cygpath -w'
DEFS='-DHAVE_CONFIG_H'
DEPDIR='.deps'
ECHO_C=''
ECHO_N='-n'
ECHO_T=''
EGREP='/usr/bin/grep -E'
EXEEXT='.exe'
GREP='/usr/bin/grep'
INSTALL_DATA='${INSTALL} -m 644'
INSTALL_PROGRAM='${INSTALL}'
INSTALL_SCRIPT='${INSTALL}'
INSTALL_STRIP_PROGRAM='$(install_sh) -c -s'
LDFLAGS=''
LIBOBJS=''
LIBS=''
LTLIBOBJS=''
MAKEINFO='${SHELL} /home/hchada/sshpass-1.06/missing makeinfo'
MKDIR_P='/usr/bin/mkdir -p'
OBJEXT='o'
PACKAGE='sshpass'
PACKAGE_BUGREPORT=''
PACKAGE_NAME='sshpass'
PACKAGE_STRING='sshpass 1.06'
PACKAGE_TARNAME='sshpass'
PACKAGE_URL=''
PACKAGE_VERSION='1.06'
PATH_SEPARATOR=':'
SET_MAKE=''
SHELL='/bin/sh'
STRIP=''
VERSION='1.06'
ac_ct_CC='gcc'
am__EXEEXT_FALSE='#'
am__EXEEXT_TRUE=''
am__fastdepCC_FALSE='#'
am__fastdepCC_TRUE=''
am__include='include'
am__isrc=''
am__leading_dot='.'
am__nodep='_no'
am__quote=''
am__tar='$${TAR-tar} chof - "$$tardir"'
am__untar='$${TAR-tar} xf -'
bindir='${exec_prefix}/bin'
build_alias=''
datadir='${datarootdir}'
datarootdir='${prefix}/share'
docdir='${datarootdir}/doc/${PACKAGE_TARNAME}'
dvidir='${docdir}'
exec_prefix='${prefix}'
host_alias=''
htmldir='${docdir}'
includedir='${prefix}/include'
infodir='${datarootdir}/info'
install_sh='${SHELL} /home/hchada/sshpass-1.06/install-sh'
libdir='${exec_prefix}/lib'
libexecdir='${exec_prefix}/libexec'
localedir='${datarootdir}/locale'
localstatedir='${prefix}/var'
mandir='${datarootdir}/man'
mkdir_p='$(MKDIR_P)'
oldincludedir='/usr/include'
pdfdir='${docdir}'
prefix='/usr/local'
program_transform_name='s,x,x,'
psdir='${docdir}'
sbindir='${exec_prefix}/sbin'
sharedstatedir='${prefix}/com'
sysconfdir='${prefix}/etc'
target_alias=''

## ----------- ##
## confdefs.h. ##
## ----------- ##

/* confdefs.h */
#define PACKAGE_NAME "sshpass"
#define PACKAGE_TARNAME "sshpass"
#define PACKAGE_VERSION "1.06"
#define PACKAGE_STRING "sshpass 1.06"
#define PACKAGE_BUGREPORT ""
#define PACKAGE_URL ""
#define PACKAGE "sshpass"
#define VERSION "1.06"
#define STDC_HEADERS 1
#define HAVE_SYS_TYPES_H 1
#define HAVE_SYS_STAT_H 1
#define HAVE_STDLIB_H 1
#define HAVE_STRING_H 1
#define HAVE_MEMORY_H 1
#define HAVE_STRINGS_H 1
#define HAVE_INTTYPES_H 1
#define HAVE_STDINT_H 1
#define HAVE_UNISTD_H 1
#define __EXTENSIONS__ 1
#define _ALL_SOURCE 1
#define _GNU_SOURCE 1
#define _POSIX_PTHREAD_SEMANTICS 1
#define _TANDEM_SOURCE 1
#define STDC_HEADERS 1
#define HAVE_SYS_WAIT_H 1
#define HAVE_FCNTL_H 1
#define HAVE_STDLIB_H 1
#define HAVE_STRING_H 1
#define HAVE_SYS_IOCTL_H 1
#define HAVE_UNISTD_H 1
#define HAVE_TERMIOS_H 1
#define HAVE_FORK 1
#define HAVE_VFORK 1
#define HAVE_WORKING_VFORK 1
#define HAVE_WORKING_FORK 1
#define HAVE_STDLIB_H 1
#define HAVE_MALLOC 1
#define HAVE_SYS_SELECT_H 1
#define HAVE_SYS_SOCKET_H 1
#define SELECT_TYPE_ARG1 int
#define SELECT_TYPE_ARG234 (fd_set *)
#define SELECT_TYPE_ARG5 (struct timeval *)
#define RETSIGTYPE void
#define HAVE_SELECT 1
#define HAVE_POSIX_OPENPT 1
#define HAVE_STRDUP 1
#define PASSWORD_PROMPT "assword"

configure: exit 0
