[1/29/20 13:02:30:687 PST] 000000f7 RemoteExcepti E   CNTR0020E: EJB threw an unexpected (non-declared) exception during invocation of method "findParticipantById" on bean "BeanId(cse_SYA01_Online_StandAlone#CaseServices.jar#CSEParticipantService, null)". Exception data: gov.ca.dcss.arch.common.exception.EnvironmentException: Exception in HibernateHelper: org.hibernate.exception.SQLGrammarException: could not execute query
        at org.hibernate.exception.SQLStateConverter.convert(SQLStateConverter.java:59)
        at org.hibernate.exception.JDBCExceptionHelper.convert(JDBCExceptionHelper.java:43)
        at org.hibernate.loader.Loader.doList(Loader.java:1591)
        at org.hibernate.loader.Loader.list(Loader.java:1571)
        at org.hibernate.loader.hql.QueryLoader.list(QueryLoader.java:395)
        at org.hibernate.hql.ast.QueryTranslatorImpl.list(QueryTranslatorImpl.java:271)
        at org.hibernate.impl.SessionImpl.list(SessionImpl.java:844)
        at org.hibernate.impl.QueryImpl.list(QueryImpl.java:74)
        at gov.ca.dcss.arch.persistence.hibernate.BaseHibernateDAO.executeQuery(BaseHibernateDAO.java:2615)
        at gov.ca.dcss.arch.persistence.hibernate.BaseHibernateDAO.executeQuery(BaseHibernateDAO.java:1226)
        at gov.ca.dcss.cse.cases.management.participant.persistence.ParticipantPhoneNumberDAOHibernateImpl.findBestDaytimePhoneNumberByParticipantId(ParticipantPhoneNumberDAOHibernateImpl.java:112)
        at gov.ca.dcss.cse.cases.management.participant.activity.CSEParticipantActivityImpl.mapPhoneNumbersToParticipantDTO(CSEParticipantActivityImpl.java:10378)
        at gov.ca.dcss.cse.cases.management.participant.activity.CSEParticipantActivityImpl.findParticipantById(CSEParticipantActivityImpl.java:3178)
        at sun.reflect.NativeMethodAccessorImpl.invoke0(Native Method)
        at sun.reflect.NativeMethodAccessorImpl.invoke(NativeMethodAccessorImpl.java:95)
        at sun.reflect.DelegatingMethodAccessorImpl.invoke(DelegatingMethodAccessorImpl.java:56)
        at java.lang.reflect.Method.invoke(Method.java:620)
        at gov.ca.dcss.arch.activity.decorator.ActivityResourceCleanupDecoratorImpl.invoke(ActivityResourceCleanupDecoratorImpl.java:105)
        at com.sun.proxy.$Proxy34.findParticipantById(Unknown Source)
        at gov.ca.dcss.cse.cases.management.participant.services.CSEParticipantServiceBean.findParticipantById(CSEParticipantServiceBean.java:894)
        at gov.ca.dcss.cse.cases.management.participant.services.EJSRemoteStatelessCSEParticipantService_2784e3b2.findParticipantById(EJSRemoteStatelessCSEParticipantService_2784e3b2.java:1285)
        at gov.ca.dcss.cse.cases.management.participant.services._CSEParticipantService_Stub.findParticipantById(_CSEParticipantService_Stub.java:1852)
        at sun.reflect.NativeMethodAccessorImpl.invoke0(Native Method)
        at sun.reflect.NativeMethodAccessorImpl.invoke(NativeMethodAccessorImpl.java:95)
        at sun.reflect.DelegatingMethodAccessorImpl.invoke(DelegatingMethodAccessorImpl.java:56)
        at java.lang.reflect.Method.invoke(Method.java:620)
        at gov.ca.dcss.arch.common.factory.GenericDelegateImpl.invoke(GenericDelegateImpl.java:66)
        at com.sun.proxy.$Proxy33.findParticipantById(Unknown Source)
        at gov.ca.dcss.cse.cases.management.participant.web.ViewParticipantAction.execute(ViewParticipantAction.java:92)
        at org.grnds.structural.icstruts.IcsAction.performActionProcessing(IcsAction.java:1435)
        at org.grnds.structural.icstruts.IcsAction.execute(IcsAction.java:140)
        at org.apache.struts.action.RequestProcessor.processActionPerform(RequestProcessor.java:484)
        at org.apache.struts.action.RequestProcessor.process(RequestProcessor.java:274)
        at org.apache.struts.action.ActionServlet.process(ActionServlet.java:1482)
        at org.apache.struts.action.ActionServlet.doGet(ActionServlet.java:507)
        at javax.servlet.http.HttpServlet.service(HttpServlet.java:575)
        at javax.servlet.http.HttpServlet.service(HttpServlet.java:668)
        at com.ibm.ws.webcontainer.servlet.ServletWrapper.service(ServletWrapper.java:1233)
        at com.ibm.ws.webcontainer.servlet.ServletWrapper.handleRequest(ServletWrapper.java:782)
        at com.ibm.ws.webcontainer.servlet.ServletWrapper.handleRequest(ServletWrapper.java:481)
        at com.ibm.ws.webcontainer.servlet.ServletWrapperImpl.handleRequest(ServletWrapperImpl.java:178)
        at com.ibm.ws.webcontainer.filter.WebAppFilterChain.invokeTarget(WebAppFilterChain.java:136)
        at com.ibm.ws.webcontainer.filter.WebAppFilterChain.doFilter(WebAppFilterChain.java:97)
        at org.grnds.structural.icstruts.IcsActionServletFilter.doFilter(IcsActionServletFilter.java:70)
        at com.ibm.ws.webcontainer.filter.FilterInstanceWrapper.doFilter(FilterInstanceWrapper.java:195)
        at com.ibm.ws.webcontainer.filter.WebAppFilterChain.doFilter(WebAppFilterChain.java:91)
        at gov.ca.dcss.cse.validation.ValidationFilter.doFilter(ValidationFilter.java:112)
        at com.ibm.ws.webcontainer.filter.FilterInstanceWrapper.doFilter(FilterInstanceWrapper.java:195)
        at com.ibm.ws.webcontainer.filter.WebAppFilterChain.doFilter(WebAppFilterChain.java:91)
        at com.wily.brt.filter.BRTFilterBase.doFilter(BRTFilterBase.java:351)
        at com.ibm.ws.webcontainer.filter.FilterInstanceWrapper.doFilter(FilterInstanceWrapper.java:195)
        at com.ibm.ws.webcontainer.filter.WebAppFilterChain.doFilter(WebAppFilterChain.java:91)
        at com.ibm.ws.webcontainer.filter.WebAppFilterManager.doFilter(WebAppFilterManager.java:967)
        at com.ibm.ws.webcontainer.filter.WebAppFilterManager.invokeFilters(WebAppFilterManager.java:1107)
        at com.ibm.ws.webcontainer.servlet.CacheServletWrapper.handleRequest(CacheServletWrapper.java:87)
        at com.ibm.ws.webcontainer.WebContainer.handleRequest(WebContainer.java:949)
        at com.ibm.ws.webcontainer.WSWebContainer.handleRequest(WSWebContainer.java:1817)
        at com.ibm.ws.webcontainer.channel.WCChannelLink.ready(WCChannelLink.java:213)
        at com.ibm.ws.ard.channel.ARDChannelConnLink.handleDiscrimination(ARDChannelConnLink.java:218)
        at com.ibm.ws.ard.channel.ARDChannelConnLink.ready(ARDChannelConnLink.java:123)
        at com.ibm.ws.http.channel.inbound.impl.HttpInboundLink.handleDiscrimination(HttpInboundLink.java:463)
        at com.ibm.ws.http.channel.inbound.impl.HttpInboundLink.handleNewRequest(HttpInboundLink.java:530)
        at com.ibm.ws.http.channel.inbound.impl.HttpInboundLink.processRequest(HttpInboundLink.java:316)
        at com.ibm.ws.http.channel.inbound.impl.HttpInboundLink.ready(HttpInboundLink.java:287)
        at com.ibm.ws.ssl.channel.impl.SSLConnectionLink.determineNextChannel(SSLConnectionLink.java:1187)
        at com.ibm.ws.ssl.channel.impl.SSLConnectionLink$MyReadCompletedCallback.complete(SSLConnectionLink.java:694)
        at com.ibm.ws.ssl.channel.impl.SSLReadServiceContext$SSLReadCompletedCallback.complete(SSLReadServiceContext.java:1833)
        at com.ibm.ws.tcp.channel.impl.AioReadCompletionListener.futureCompleted(AioReadCompletionListener.java:175)
        at com.ibm.io.async.AbstractAsyncFuture.invokeCallback(AbstractAsyncFuture.java:217)
        at com.ibm.io.async.AsyncChannelFuture.fireCompletionActions(AsyncChannelFuture.java:161)
        at com.ibm.io.async.AsyncFuture.completed(AsyncFuture.java:138)
        at com.ibm.io.async.ResultHandler.complete(ResultHandler.java:204)
        at com.ibm.io.async.ResultHandler.runEventProcessingLoop(ResultHandler.java:775)
        at com.ibm.io.async.ResultHandler$2.run(ResultHandler.java:905)
        at com.ibm.ws.util.ThreadPool$Worker.run(ThreadPool.java:1892)
Caused by: com.ibm.db2.jcc.am.SqlSyntaxErrorException: DB2 SQL Error: SQLCODE=-206, SQLSTATE=42703, SQLERRMC=PARTICIPAN0_.TXT_MSG_ENROLL_IND, DRIVER=3.72.44
        at com.ibm.db2.jcc.am.b1.a(b1.java:813)
        at com.ibm.db2.jcc.am.b1.a(b1.java:66)
        at com.ibm.db2.jcc.am.b1.a(b1.java:140)
        at com.ibm.db2.jcc.am.kj.c(kj.java:2790)
        at com.ibm.db2.jcc.am.kj.d(kj.java:2778)
        at com.ibm.db2.jcc.am.kj.a(kj.java:2222)
        at com.ibm.db2.jcc.am.kk.a(kk.java:7643)
        at com.ibm.db2.jcc.t4.ab.i(ab.java:148)
        at com.ibm.db2.jcc.t4.ab.b(ab.java:41)
        at com.ibm.db2.jcc.t4.p.a(p.java:32)
        at com.ibm.db2.jcc.t4.av.i(av.java:145)
        at com.ibm.db2.jcc.am.kj.aj(kj.java:2191)
        at com.ibm.db2.jcc.am.kk.bl(kk.java:3587)
        at com.ibm.db2.jcc.am.kk.a(kk.java:4462)
        at com.ibm.db2.jcc.am.kk.b(kk.java:4040)
        at com.ibm.db2.jcc.am.kk.a9(kk.java:750)
        at com.ibm.db2.jcc.am.kk.executeQuery(kk.java:719)
        at com.ibm.ws.rsadapter.jdbc.WSJdbcPreparedStatement.pmiExecuteQuery(WSJdbcPreparedStatement.java:1220)
        at com.ibm.ws.rsadapter.jdbc.WSJdbcPreparedStatement.executeQuery(WSJdbcPreparedStatement.java:738)
        at org.hibernate.jdbc.AbstractBatcher.getResultSet(AbstractBatcher.java:120)
        at org.hibernate.loader.Loader.getResultSet(Loader.java:1265)
        at org.hibernate.loader.Loader.doQuery(Loader.java:384)
        at org.hibernate.loader.Loader.doQueryAndInitializeNonLazyCollections(Loader.java:211)
        at org.hibernate.loader.Loader.doList(Loader.java:1588)
        ... 72 more

        at gov.ca.dcss.arch.persistence.hibernate.HibernateHelper.handleHibernateException(HibernateHelper.java:1121)
        at gov.ca.dcss.arch.persistence.hibernate.BaseHibernateDAO.executeQuery(BaseHibernateDAO.java:2621)
        at gov.ca.dcss.arch.persistence.hibernate.BaseHibernateDAO.executeQuery(BaseHibernateDAO.java:1226)
        at gov.ca.dcss.cse.cases.management.participant.persistence.ParticipantPhoneNumberDAOHibernateImpl.findBestDaytimePhoneNumberByParticipantId(ParticipantPhoneNumberDAOHibernateImpl.java:112)
        at gov.ca.dcss.cse.cases.management.participant.activity.CSEParticipantActivityImpl.mapPhoneNumbersToParticipantDTO(CSEParticipantActivityImpl.java:10378)
        at gov.ca.dcss.cse.cases.management.participant.activity.CSEParticipantActivityImpl.findParticipantById(CSEParticipantActivityImpl.java:3178)
        at sun.reflect.NativeMethodAccessorImpl.invoke0(Native Method)
        at sun.reflect.NativeMethodAccessorImpl.invoke(NativeMethodAccessorImpl.java:95)
        at sun.reflect.DelegatingMethodAccessorImpl.invoke(DelegatingMethodAccessorImpl.java:56)
        at java.lang.reflect.Method.invoke(Method.java:620)
        at gov.ca.dcss.arch.activity.decorator.ActivityResourceCleanupDecoratorImpl.invoke(ActivityResourceCleanupDecoratorImpl.java:105)
        at com.sun.proxy.$Proxy34.findParticipantById(Unknown Source)
        at gov.ca.dcss.cse.cases.management.participant.services.CSEParticipantServiceBean.findParticipantById(CSEParticipantServiceBean.java:894)
        at gov.ca.dcss.cse.cases.management.participant.services.EJSRemoteStatelessCSEParticipantService_2784e3b2.findParticipantById(EJSRemoteStatelessCSEParticipantService_2784e3b2.java:1285)
        at gov.ca.dcss.cse.cases.management.participant.services._CSEParticipantService_Stub.findParticipantById(_CSEParticipantService_Stub.java:1852)
        at sun.reflect.NativeMethodAccessorImpl.invoke0(Native Method)
        at sun.reflect.NativeMethodAccessorImpl.invoke(NativeMethodAccessorImpl.java:95)
        at sun.reflect.DelegatingMethodAccessorImpl.invoke(DelegatingMethodAccessorImpl.java:56)
        at java.lang.reflect.Method.invoke(Method.java:620)
        at gov.ca.dcss.arch.common.factory.GenericDelegateImpl.invoke(GenericDelegateImpl.java:66)
        at com.sun.proxy.$Proxy33.findParticipantById(Unknown Source)
        at gov.ca.dcss.cse.cases.management.participant.web.ViewParticipantAction.execute(ViewParticipantAction.java:92)
        at org.grnds.structural.icstruts.IcsAction.performActionProcessing(IcsAction.java:1435)
        at org.grnds.structural.icstruts.IcsAction.execute(IcsAction.java:140)
        at org.apache.struts.action.RequestProcessor.processActionPerform(RequestProcessor.java:484)
        at org.apache.struts.action.RequestProcessor.process(RequestProcessor.java:274)
        at org.apache.struts.action.ActionServlet.process(ActionServlet.java:1482)
        at org.apache.struts.action.ActionServlet.doGet(ActionServlet.java:507)
        at javax.servlet.http.HttpServlet.service(HttpServlet.java:575)
        at javax.servlet.http.HttpServlet.service(HttpServlet.java:668)
        at com.ibm.ws.webcontainer.servlet.ServletWrapper.service(ServletWrapper.java:1233)
        at com.ibm.ws.webcontainer.servlet.ServletWrapper.handleRequest(ServletWrapper.java:782)
        at com.ibm.ws.webcontainer.servlet.ServletWrapper.handleRequest(ServletWrapper.java:481)
        at com.ibm.ws.webcontainer.servlet.ServletWrapperImpl.handleRequest(ServletWrapperImpl.java:178)
        at com.ibm.ws.webcontainer.filter.WebAppFilterChain.invokeTarget(WebAppFilterChain.java:136)
        at com.ibm.ws.webcontainer.filter.WebAppFilterChain.doFilter(WebAppFilterChain.java:97)
        at org.grnds.structural.icstruts.IcsActionServletFilter.doFilter(IcsActionServletFilter.java:70)
        at com.ibm.ws.webcontainer.filter.FilterInstanceWrapper.doFilter(FilterInstanceWrapper.java:195)
        at com.ibm.ws.webcontainer.filter.WebAppFilterChain.doFilter(WebAppFilterChain.java:91)
        at gov.ca.dcss.cse.validation.ValidationFilter.doFilter(ValidationFilter.java:112)
        at com.ibm.ws.webcontainer.filter.FilterInstanceWrapper.doFilter(FilterInstanceWrapper.java:195)
        at com.ibm.ws.webcontainer.filter.WebAppFilterChain.doFilter(WebAppFilterChain.java:91)
        at com.wily.brt.filter.BRTFilterBase.doFilter(BRTFilterBase.java:351)
        at com.ibm.ws.webcontainer.filter.FilterInstanceWrapper.doFilter(FilterInstanceWrapper.java:195)
        at com.ibm.ws.webcontainer.filter.WebAppFilterChain.doFilter(WebAppFilterChain.java:91)
        at com.ibm.ws.webcontainer.filter.WebAppFilterManager.doFilter(WebAppFilterManager.java:967)
        at com.ibm.ws.webcontainer.filter.WebAppFilterManager.invokeFilters(WebAppFilterManager.java:1107)
        at com.ibm.ws.webcontainer.servlet.CacheServletWrapper.handleRequest(CacheServletWrapper.java:87)
        at com.ibm.ws.webcontainer.WebContainer.handleRequest(WebContainer.java:949)
        at com.ibm.ws.webcontainer.WSWebContainer.handleRequest(WSWebContainer.java:1817)
        at com.ibm.ws.webcontainer.channel.WCChannelLink.ready(WCChannelLink.java:213)
        at com.ibm.ws.ard.channel.ARDChannelConnLink.handleDiscrimination(ARDChannelConnLink.java:218)
        at com.ibm.ws.ard.channel.ARDChannelConnLink.ready(ARDChannelConnLink.java:123)
        at com.ibm.ws.http.channel.inbound.impl.HttpInboundLink.handleDiscrimination(HttpInboundLink.java:463)
        at com.ibm.ws.http.channel.inbound.impl.HttpInboundLink.handleNewRequest(HttpInboundLink.java:530)
        at com.ibm.ws.http.channel.inbound.impl.HttpInboundLink.processRequest(HttpInboundLink.java:316)
        at com.ibm.ws.http.channel.inbound.impl.HttpInboundLink.ready(HttpInboundLink.java:287)
        at com.ibm.ws.ssl.channel.impl.SSLConnectionLink.determineNextChannel(SSLConnectionLink.java:1187)
        at com.ibm.ws.ssl.channel.impl.SSLConnectionLink$MyReadCompletedCallback.complete(SSLConnectionLink.java:694)
        at com.ibm.ws.ssl.channel.impl.SSLReadServiceContext$SSLReadCompletedCallback.complete(SSLReadServiceContext.java:1833)
        at com.ibm.ws.tcp.channel.impl.AioReadCompletionListener.futureCompleted(AioReadCompletionListener.java:175)
        at com.ibm.io.async.AbstractAsyncFuture.invokeCallback(AbstractAsyncFuture.java:217)
        at com.ibm.io.async.AsyncChannelFuture.fireCompletionActions(AsyncChannelFuture.java:161)
        at com.ibm.io.async.AsyncFuture.completed(AsyncFuture.java:138)
        at com.ibm.io.async.ResultHandler.complete(ResultHandler.java:204)
        at com.ibm.io.async.ResultHandler.runEventProcessingLoop(ResultHandler.java:775)
        at com.ibm.io.async.ResultHandler$2.run(ResultHandler.java:905)
        at com.ibm.ws.util.ThreadPool$Worker.run(ThreadPool.java:1892)

[1/29/20 13:02:30:720 PST] 000000f7 SystemOut     O WARN  gov.ca.dcss.arch.common.log.ExceptionLogger - An unexpected error occurred in the Persistence Layer: could not execute query (UniqueId: 2275290582 Code: 730)
gov.ca.dcss.arch.common.exception.EnvironmentException: Exception in HibernateHelper: org.hibernate.exception.SQLGrammarException: could not execute query
        at org.hibernate.exception.SQLStateConverter.convert(SQLStateConverter.java:59)
        at org.hibernate.exception.JDBCExceptionHelper.convert(JDBCExceptionHelper.java:43)
        at org.hibernate.loader.Loader.doList(Loader.java:1591)
        at org.hibernate.loader.Loader.list(Loader.java:1571)
        at org.hibernate.loader.hql.QueryLoader.list(QueryLoader.java:395)
        at org.hibernate.hql.ast.QueryTranslatorImpl.list(QueryTranslatorImpl.java:271)
        at org.hibernate.impl.SessionImpl.list(SessionImpl.java:844)
        at org.hibernate.impl.QueryImpl.list(QueryImpl.java:74)
        at gov.ca.dcss.arch.persistence.hibernate.BaseHibernateDAO.executeQuery(BaseHibernateDAO.java:2615)
        at gov.ca.dcss.arch.persistence.hibernate.BaseHibernateDAO.executeQuery(BaseHibernateDAO.java:1226)
        at gov.ca.dcss.cse.cases.management.participant.persistence.ParticipantPhoneNumberDAOHibernateImpl.findBestDaytimePhoneNumberByParticipantId(ParticipantPhoneNumberDAOHibernateImpl.java:112)
        at gov.ca.dcss.cse.cases.management.participant.activity.CSEParticipantActivityImpl.mapPhoneNumbersToParticipantDTO(CSEParticipantActivityImpl.java:10378)
        at gov.ca.dcss.cse.cases.management.participant.activity.CSEParticipantActivityImpl.findParticipantById(CSEParticipantActivityImpl.java:3178)
        at sun.reflect.NativeMethodAccessorImpl.invoke0(Native Method)
        at sun.reflect.NativeMethodAccessorImpl.invoke(NativeMethodAccessorImpl.java:95)
        at sun.reflect.DelegatingMethodAccessorImpl.invoke(DelegatingMethodAccessorImpl.java:56)
        at java.lang.reflect.Method.invoke(Method.java:620)
        at gov.ca.dcss.arch.activity.decorator.ActivityResourceCleanupDecoratorImpl.invoke(ActivityResourceCleanupDecoratorImpl.java:105)
        at com.sun.proxy.$Proxy34.findParticipantById(Unknown Source)
        at gov.ca.dcss.cse.cases.management.participant.services.CSEParticipantServiceBean.findParticipantById(CSEParticipantServiceBean.java:894)
        at gov.ca.dcss.cse.cases.management.participant.services.EJSRemoteStatelessCSEParticipantService_2784e3b2.findParticipantById(EJSRemoteStatelessCSEParticipantService_2784e3b2.java:1285)
        at gov.ca.dcss.cse.cases.management.participant.services._CSEParticipantService_Stub.findParticipantById(_CSEParticipantService_Stub.java:1852)
        at sun.reflect.NativeMethodAccessorImpl.invoke0(Native Method)
        at sun.reflect.NativeMethodAccessorImpl.invoke(NativeMethodAccessorImpl.java:95)
        at sun.reflect.DelegatingMethodAccessorImpl.invoke(DelegatingMethodAccessorImpl.java:56)
        at java.lang.reflect.Method.invoke(Method.java:620)
        at gov.ca.dcss.arch.common.factory.GenericDelegateImpl.invoke(GenericDelegateImpl.java:66)
        at com.sun.proxy.$Proxy33.findParticipantById(Unknown Source)
        at gov.ca.dcss.cse.cases.management.participant.web.ViewParticipantAction.execute(ViewParticipantAction.java:92)
        at org.grnds.structural.icstruts.IcsAction.performActionProcessing(IcsAction.java:1435)
        at org.grnds.structural.icstruts.IcsAction.execute(IcsAction.java:140)
        at org.apache.struts.action.RequestProcessor.processActionPerform(RequestProcessor.java:484)
        at org.apache.struts.action.RequestProcessor.process(RequestProcessor.java:274)
        at org.apache.struts.action.ActionServlet.process(ActionServlet.java:1482)
        at org.apache.struts.action.ActionServlet.doGet(ActionServlet.java:507)
        at javax.servlet.http.HttpServlet.service(HttpServlet.java:575)
        at javax.servlet.http.HttpServlet.service(HttpServlet.java:668)
        at com.ibm.ws.webcontainer.servlet.ServletWrapper.service(ServletWrapper.java:1233)
        at com.ibm.ws.webcontainer.servlet.ServletWrapper.handleRequest(ServletWrapper.java:782)
        at com.ibm.ws.webcontainer.servlet.ServletWrapper.handleRequest(ServletWrapper.java:481)
        at com.ibm.ws.webcontainer.servlet.ServletWrapperImpl.handleRequest(ServletWrapperImpl.java:178)
        at com.ibm.ws.webcontainer.filter.WebAppFilterChain.invokeTarget(WebAppFilterChain.java:136)
        at com.ibm.ws.webcontainer.filter.WebAppFilterChain.doFilter(WebAppFilterChain.java:97)
        at org.grnds.structural.icstruts.IcsActionServletFilter.doFilter(IcsActionServletFilter.java:70)
        at com.ibm.ws.webcontainer.filter.FilterInstanceWrapper.doFilter(FilterInstanceWrapper.java:195)
        at com.ibm.ws.webcontainer.filter.WebAppFilterChain.doFilter(WebAppFilterChain.java:91)
        at gov.ca.dcss.cse.validation.ValidationFilter.doFilter(ValidationFilter.java:112)
        at com.ibm.ws.webcontainer.filter.FilterInstanceWrapper.doFilter(FilterInstanceWrapper.java:195)
        at com.ibm.ws.webcontainer.filter.WebAppFilterChain.doFilter(WebAppFilterChain.java:91)
        at com.wily.brt.filter.BRTFilterBase.doFilter(BRTFilterBase.java:351)
        at com.ibm.ws.webcontainer.filter.FilterInstanceWrapper.doFilter(FilterInstanceWrapper.java:195)
        at com.ibm.ws.webcontainer.filter.WebAppFilterChain.doFilter(WebAppFilterChain.java:91)
        at com.ibm.ws.webcontainer.filter.WebAppFilterManager.doFilter(WebAppFilterManager.java:967)
        at com.ibm.ws.webcontainer.filter.WebAppFilterManager.invokeFilters(WebAppFilterManager.java:1107)
        at com.ibm.ws.webcontainer.servlet.CacheServletWrapper.handleRequest(CacheServletWrapper.java:87)
        at com.ibm.ws.webcontainer.WebContainer.handleRequest(WebContainer.java:949)
        at com.ibm.ws.webcontainer.WSWebContainer.handleRequest(WSWebContainer.java:1817)
        at com.ibm.ws.webcontainer.channel.WCChannelLink.ready(WCChannelLink.java:213)
        at com.ibm.ws.ard.channel.ARDChannelConnLink.handleDiscrimination(ARDChannelConnLink.java:218)
        at com.ibm.ws.ard.channel.ARDChannelConnLink.ready(ARDChannelConnLink.java:123)
        at com.ibm.ws.http.channel.inbound.impl.HttpInboundLink.handleDiscrimination(HttpInboundLink.java:463)
        at com.ibm.ws.http.channel.inbound.impl.HttpInboundLink.handleNewRequest(HttpInboundLink.java:530)
        at com.ibm.ws.http.channel.inbound.impl.HttpInboundLink.processRequest(HttpInboundLink.java:316)
        at com.ibm.ws.http.channel.inbound.impl.HttpInboundLink.ready(HttpInboundLink.java:287)
        at com.ibm.ws.ssl.channel.impl.SSLConnectionLink.determineNextChannel(SSLConnectionLink.java:1187)
        at com.ibm.ws.ssl.channel.impl.SSLConnectionLink$MyReadCompletedCallback.complete(SSLConnectionLink.java:694)
        at com.ibm.ws.ssl.channel.impl.SSLReadServiceContext$SSLReadCompletedCallback.complete(SSLReadServiceContext.java:1833)
        at com.ibm.ws.tcp.channel.impl.AioReadCompletionListener.futureCompleted(AioReadCompletionListener.java:175)
        at com.ibm.io.async.AbstractAsyncFuture.invokeCallback(AbstractAsyncFuture.java:217)
        at com.ibm.io.async.AsyncChannelFuture.fireCompletionActions(AsyncChannelFuture.java:161)
        at com.ibm.io.async.AsyncFuture.completed(AsyncFuture.java:138)
        at com.ibm.io.async.ResultHandler.complete(ResultHandler.java:204)
        at com.ibm.io.async.ResultHandler.runEventProcessingLoop(ResultHandler.java:775)
        at com.ibm.io.async.ResultHandler$2.run(ResultHandler.java:905)
        at com.ibm.ws.util.ThreadPool$Worker.run(ThreadPool.java:1892)
Caused by: com.ibm.db2.jcc.am.SqlSyntaxErrorException: DB2 SQL Error: SQLCODE=-206, SQLSTATE=42703, SQLERRMC=PARTICIPAN0_.TXT_MSG_ENROLL_IND, DRIVER=3.72.44
        at com.ibm.db2.jcc.am.b1.a(b1.java:813)
        at com.ibm.db2.jcc.am.b1.a(b1.java:66)
        at com.ibm.db2.jcc.am.b1.a(b1.java:140)
        at com.ibm.db2.jcc.am.kj.c(kj.java:2790)
        at com.ibm.db2.jcc.am.kj.d(kj.java:2778)
        at com.ibm.db2.jcc.am.kj.a(kj.java:2222)
        at com.ibm.db2.jcc.am.kk.a(kk.java:7643)
        at com.ibm.db2.jcc.t4.ab.i(ab.java:148)
        at com.ibm.db2.jcc.t4.ab.b(ab.java:41)
        at com.ibm.db2.jcc.t4.p.a(p.java:32)
        at com.ibm.db2.jcc.t4.av.i(av.java:145)
        at com.ibm.db2.jcc.am.kj.aj(kj.java:2191)
        at com.ibm.db2.jcc.am.kk.bl(kk.java:3587)
        at com.ibm.db2.jcc.am.kk.a(kk.java:4462)
        at com.ibm.db2.jcc.am.kk.b(kk.java:4040)
        at com.ibm.db2.jcc.am.kk.a9(kk.java:750)
        at com.ibm.db2.jcc.am.kk.executeQuery(kk.java:719)
        at com.ibm.ws.rsadapter.jdbc.WSJdbcPreparedStatement.pmiExecuteQuery(WSJdbcPreparedStatement.java:1220)
        at com.ibm.ws.rsadapter.jdbc.WSJdbcPreparedStatement.executeQuery(WSJdbcPreparedStatement.java:738)
        at org.hibernate.jdbc.AbstractBatcher.getResultSet(AbstractBatcher.java:120)
        at org.hibernate.loader.Loader.getResultSet(Loader.java:1265)
        at org.hibernate.loader.Loader.doQuery(Loader.java:384)
        at org.hibernate.loader.Loader.doQueryAndInitializeNonLazyCollections(Loader.java:211)
        at org.hibernate.loader.Loader.doList(Loader.java:1588)
        ... 72 more

        at gov.ca.dcss.arch.persistence.hibernate.HibernateHelper.handleHibernateException(HibernateHelper.java:1121)
        at gov.ca.dcss.arch.persistence.hibernate.BaseHibernateDAO.executeQuery(BaseHibernateDAO.java:2621)
        at gov.ca.dcss.arch.persistence.hibernate.BaseHibernateDAO.executeQuery(BaseHibernateDAO.java:1226)
        at gov.ca.dcss.cse.cases.management.participant.persistence.ParticipantPhoneNumberDAOHibernateImpl.findBestDaytimePhoneNumberByParticipantId(ParticipantPhoneNumberDAOHibernateImpl.java:112)
        at gov.ca.dcss.cse.cases.management.participant.activity.CSEParticipantActivityImpl.mapPhoneNumbersToParticipantDTO(CSEParticipantActivityImpl.java:10378)
        at gov.ca.dcss.cse.cases.management.participant.activity.CSEParticipantActivityImpl.findParticipantById(CSEParticipantActivityImpl.java:3178)
        at sun.reflect.NativeMethodAccessorImpl.invoke0(Native Method)
        at sun.reflect.NativeMethodAccessorImpl.invoke(NativeMethodAccessorImpl.java:95)
        at sun.reflect.DelegatingMethodAccessorImpl.invoke(DelegatingMethodAccessorImpl.java:56)
        at java.lang.reflect.Method.invoke(Method.java:620)
        at gov.ca.dcss.arch.activity.decorator.ActivityResourceCleanupDecoratorImpl.invoke(ActivityResourceCleanupDecoratorImpl.java:105)
        at com.sun.proxy.$Proxy34.findParticipantById(Unknown Source)
        at gov.ca.dcss.cse.cases.management.participant.services.CSEParticipantServiceBean.findParticipantById(CSEParticipantServiceBean.java:894)
        at gov.ca.dcss.cse.cases.management.participant.services.EJSRemoteStatelessCSEParticipantService_2784e3b2.findParticipantById(EJSRemoteStatelessCSEParticipantService_2784e3b2.java:1285)
        at gov.ca.dcss.cse.cases.management.participant.services._CSEParticipantService_Stub.findParticipantById(_CSEParticipantService_Stub.java:1852)
        at sun.reflect.NativeMethodAccessorImpl.invoke0(Native Method)
        at sun.reflect.NativeMethodAccessorImpl.invoke(NativeMethodAccessorImpl.java:95)
        at sun.reflect.DelegatingMethodAccessorImpl.invoke(DelegatingMethodAccessorImpl.java:56)
        at java.lang.reflect.Method.invoke(Method.java:620)
        at gov.ca.dcss.arch.common.factory.GenericDelegateImpl.invoke(GenericDelegateImpl.java:66)
        at com.sun.proxy.$Proxy33.findParticipantById(Unknown Source)
        at gov.ca.dcss.cse.cases.management.participant.web.ViewParticipantAction.execute(ViewParticipantAction.java:92)
        at org.grnds.structural.icstruts.IcsAction.performActionProcessing(IcsAction.java:1435)
        at org.grnds.structural.icstruts.IcsAction.execute(IcsAction.java:140)
        at org.apache.struts.action.RequestProcessor.processActionPerform(RequestProcessor.java:484)
        at org.apache.struts.action.RequestProcessor.process(RequestProcessor.java:274)
        at org.apache.struts.action.ActionServlet.process(ActionServlet.java:1482)
        at org.apache.struts.action.ActionServlet.doGet(ActionServlet.java:507)
        at javax.servlet.http.HttpServlet.service(HttpServlet.java:575)
        at javax.servlet.http.HttpServlet.service(HttpServlet.java:668)
        at com.ibm.ws.webcontainer.servlet.ServletWrapper.service(ServletWrapper.java:1233)
        at com.ibm.ws.webcontainer.servlet.ServletWrapper.handleRequest(ServletWrapper.java:782)
        at com.ibm.ws.webcontainer.servlet.ServletWrapper.handleRequest(ServletWrapper.java:481)
        at com.ibm.ws.webcontainer.servlet.ServletWrapperImpl.handleRequest(ServletWrapperImpl.java:178)
        at com.ibm.ws.webcontainer.filter.WebAppFilterChain.invokeTarget(WebAppFilterChain.java:136)
        at com.ibm.ws.webcontainer.filter.WebAppFilterChain.doFilter(WebAppFilterChain.java:97)
        at org.grnds.structural.icstruts.IcsActionServletFilter.doFilter(IcsActionServletFilter.java:70)
        at com.ibm.ws.webcontainer.filter.FilterInstanceWrapper.doFilter(FilterInstanceWrapper.java:195)
        at com.ibm.ws.webcontainer.filter.WebAppFilterChain.doFilter(WebAppFilterChain.java:91)
        at gov.ca.dcss.cse.validation.ValidationFilter.doFilter(ValidationFilter.java:112)
        at com.ibm.ws.webcontainer.filter.FilterInstanceWrapper.doFilter(FilterInstanceWrapper.java:195)
        at com.ibm.ws.webcontainer.filter.WebAppFilterChain.doFilter(WebAppFilterChain.java:91)
        at com.wily.brt.filter.BRTFilterBase.doFilter(BRTFilterBase.java:351)
        at com.ibm.ws.webcontainer.filter.FilterInstanceWrapper.doFilter(FilterInstanceWrapper.java:195)
        at com.ibm.ws.webcontainer.filter.WebAppFilterChain.doFilter(WebAppFilterChain.java:91)
        at com.ibm.ws.webcontainer.filter.WebAppFilterManager.doFilter(WebAppFilterManager.java:967)
        at com.ibm.ws.webcontainer.filter.WebAppFilterManager.invokeFilters(WebAppFilterManager.java:1107)
        at com.ibm.ws.webcontainer.servlet.CacheServletWrapper.handleRequest(CacheServletWrapper.java:87)
        at com.ibm.ws.webcontainer.WebContainer.handleRequest(WebContainer.java:949)
        at com.ibm.ws.webcontainer.WSWebContainer.handleRequest(WSWebContainer.java:1817)
        at com.ibm.ws.webcontainer.channel.WCChannelLink.ready(WCChannelLink.java:213)
        at com.ibm.ws.ard.channel.ARDChannelConnLink.handleDiscrimination(ARDChannelConnLink.java:218)
        at com.ibm.ws.ard.channel.ARDChannelConnLink.ready(ARDChannelConnLink.java:123)
        at com.ibm.ws.http.channel.inbound.impl.HttpInboundLink.handleDiscrimination(HttpInboundLink.java:463)
        at com.ibm.ws.http.channel.inbound.impl.HttpInboundLink.handleNewRequest(HttpInboundLink.java:530)
        at com.ibm.ws.http.channel.inbound.impl.HttpInboundLink.processRequest(HttpInboundLink.java:316)
        at com.ibm.ws.http.channel.inbound.impl.HttpInboundLink.ready(HttpInboundLink.java:287)
        at com.ibm.ws.ssl.channel.impl.SSLConnectionLink.determineNextChannel(SSLConnectionLink.java:1187)
        at com.ibm.ws.ssl.channel.impl.SSLConnectionLink$MyReadCompletedCallback.complete(SSLConnectionLink.java:694)
        at com.ibm.ws.ssl.channel.impl.SSLReadServiceContext$SSLReadCompletedCallback.complete(SSLReadServiceContext.java:1833)
        at com.ibm.ws.tcp.channel.impl.AioReadCompletionListener.futureCompleted(AioReadCompletionListener.java:175)
        at com.ibm.io.async.AbstractAsyncFuture.invokeCallback(AbstractAsyncFuture.java:217)
        at com.ibm.io.async.AsyncChannelFuture.fireCompletionActions(AsyncChannelFuture.java:161)
        at com.ibm.io.async.AsyncFuture.completed(AsyncFuture.java:138)
        at com.ibm.io.async.ResultHandler.complete(ResultHandler.java:204)
        at com.ibm.io.async.ResultHandler.runEventProcessingLoop(ResultHandler.java:775)
        at com.ibm.io.async.ResultHandler$2.run(ResultHandler.java:905)
        at com.ibm.ws.util.ThreadPool$Worker.run(ThreadPool.java:1892)

